{"meta": {"format": 3, "version": "7.12.0", "timestamp": "2026-02-15T21:31:31.113482", "branch_coverage": false, "show_contexts": false}, "files": {"devflow/__init__.py": {"executed_lines": [1, 3], "summary": {"covered_lines": 1, "num_statements": 1, "percent_covered": 100.0, "percent_covered_display": "100", "missing_lines": 0, "excluded_lines": 0, "percent_statements_covered": 100.0, "percent_statements_covered_display": "100"}, "missing_lines": [], "excluded_lines": [], "functions": {"": {"executed_lines": [1, 3], "summary": {"covered_lines": 1, "num_statements": 1, "percent_covered": 100.0, "percent_covered_display": "100", "missing_lines": 0, "excluded_lines": 0, "percent_statements_covered": 100.0, "percent_statements_covered_display": "100"}, "missing_lines": [], "excluded_lines": []}}, "classes": {"": {"executed_lines": [1, 3], "summary": {"covered_lines": 1, "num_statements": 1, "percent_covered": 100.0, "percent_covered_display": "100", "missing_lines": 0, "excluded_lines": 0, "percent_statements_covered": 100.0, "percent_statements_covered_display": "100"}, "missing_lines": [], "excluded_lines": []}}}, "devflow/agent/__init__.py": {"executed_lines": [1, 16, 17, 18, 19, 20, 21, 23], "summary": {"covered_lines": 7, "num_statements": 7, "percent_covered": 100.0, "percent_covered_display": "100", "missing_lines": 0, "excluded_lines": 0, "percent_statements_covered": 100.0, "percent_statements_covered_display": "100"}, "missing_lines": [], "excluded_lines": [], "functions": {"": {"executed_lines": [1, 16, 17, 18, 19, 20, 21, 23], "summary": {"covered_lines": 7, "num_statements": 7, "percent_covered": 100.0, "percent_covered_display": "100", "missing_lines": 0, "excluded_lines": 0, "percent_statements_covered": 100.0, "percent_statements_covered_display": "100"}, "missing_lines": [], "excluded_lines": []}}, "classes": {"": {"executed_lines": [1, 16, 17, 18, 19, 20, 21, 23], "summary": {"covered_lines": 7, "num_statements": 7, "percent_covered": 100.0, "percent_covered_display": "100", "missing_lines": 0, "excluded_lines": 0, "percent_statements_covered": 100.0, "percent_statements_covered_display": "100"}, "missing_lines": [], "excluded_lines": []}}}, "devflow/agent/claude_agent.py": {"executed_lines": [1, 7, 8, 9, 10, 12, 13, 16, 17, 26, 32, 33, 34, 35, 37, 49, 51, 58, 71, 73, 80, 100, 103, 106, 107, 108, 109, 111, 112, 114, 116, 117, 120, 121, 122, 130, 140, 141, 143, 153, 154, 156, 165, 166, 167, 169, 171, 181, 183, 184, 186, 187, 189, 203, 204, 206, 212, 214, 220, 222, 231, 232], "summary": {"covered_lines": 60, "num_statements": 60, "percent_covered": 100.0, "percent_covered_display": "100", "missing_lines": 0, "excluded_lines": 0, "percent_statements_covered": 100.0, "percent_statements_covered_display": "100"}, "missing_lines": [], "excluded_lines": [], "functions": {"ClaudeAgent.__init__": {"executed_lines": [32, 33, 34, 35], "summary": {"covered_lines": 4, "num_statements": 4, "percent_covered": 100.0, "percent_covered_display": "100", "missing_lines": 0, "excluded_lines": 0, "percent_statements_covered": 100.0, "percent_statements_covered_display": "100"}, "missing_lines": [], "excluded_lines": []}, "ClaudeAgent.launch_session": {"executed_lines": [49, 51], "summary": {"covered_lines": 2, "num_statements": 2, "percent_covered": 100.0, "percent_covered_display": "100", "missing_lines": 0, "excluded_lines": 0, "percent_statements_covered": 100.0, "percent_statements_covered_display": "100"}, "missing_lines": [], "excluded_lines": []}, "ClaudeAgent.resume_session": {"executed_lines": [71, 73], "summary": {"covered_lines": 2, "num_statements": 2, "percent_covered": 100.0, "percent_covered_display": "100", "missing_lines": 0, "excluded_lines": 0, "percent_statements_covered": 100.0, "percent_statements_covered_display": "100"}, "missing_lines": [], "excluded_lines": []}, "ClaudeAgent.capture_session_id": {"executed_lines": [100, 103, 106, 107, 108, 109, 111, 112, 114, 116, 117, 120, 121, 122], "summary": {"covered_lines": 14, "num_statements": 14, "percent_covered": 100.0, "percent_covered_display": "100", "missing_lines": 0, "excluded_lines": 0, "percent_statements_covered": 100.0, "percent_statements_covered_display": "100"}, "missing_lines": [], "excluded_lines": []}, "ClaudeAgent.get_session_file_path": {"executed_lines": [140, 141], "summary": {"covered_lines": 2, "num_statements": 2, "percent_covered": 100.0, "percent_covered_display": "100", "missing_lines": 0, "excluded_lines": 0, "percent_statements_covered": 100.0, "percent_statements_covered_display": "100"}, "missing_lines": [], "excluded_lines": []}, "ClaudeAgent.session_exists": {"executed_lines": [153, 154], "summary": {"covered_lines": 2, "num_statements": 2, "percent_covered": 100.0, "percent_covered_display": "100", "missing_lines": 0, "excluded_lines": 0, "percent_statements_covered": 100.0, "percent_statements_covered_display": "100"}, "missing_lines": [], "excluded_lines": []}, "ClaudeAgent.get_existing_sessions": {"executed_lines": [165, 166, 167, 169], "summary": {"covered_lines": 4, "num_statements": 4, "percent_covered": 100.0, "percent_covered_display": "100", "missing_lines": 0, "excluded_lines": 0, "percent_statements_covered": 100.0, "percent_statements_covered_display": "100"}, "missing_lines": [], "excluded_lines": []}, "ClaudeAgent.get_session_message_count": {"executed_lines": [181, 183, 184, 186, 187], "summary": {"covered_lines": 5, "num_statements": 5, "percent_covered": 100.0, "percent_covered_display": "100", "missing_lines": 0, "excluded_lines": 0, "percent_statements_covered": 100.0, "percent_statements_covered_display": "100"}, "missing_lines": [], "excluded_lines": []}, "ClaudeAgent.encode_project_path": {"executed_lines": [203, 204], "summary": {"covered_lines": 2, "num_statements": 2, "percent_covered": 100.0, "percent_covered_display": "100", "missing_lines": 0, "excluded_lines": 0, "percent_statements_covered": 100.0, "percent_statements_covered_display": "100"}, "missing_lines": [], "excluded_lines": []}, "ClaudeAgent.get_agent_home_dir": {"executed_lines": [212], "summary": {"covered_lines": 1, "num_statements": 1, "percent_covered": 100.0, "percent_covered_display": "100", "missing_lines": 0, "excluded_lines": 0, "percent_statements_covered": 100.0, "percent_statements_covered_display": "100"}, "missing_lines": [], "excluded_lines": []}, "ClaudeAgent.get_agent_name": {"executed_lines": [220], "summary": {"covered_lines": 1, "num_statements": 1, "percent_covered": 100.0, "percent_covered_display": "100", "missing_lines": 0, "excluded_lines": 0, "percent_statements_covered": 100.0, "percent_statements_covered_display": "100"}, "missing_lines": [], "excluded_lines": []}, "ClaudeAgent._get_session_dir": {"executed_lines": [231, 232], "summary": {"covered_lines": 2, "num_statements": 2, "percent_covered": 100.0, "percent_covered_display": "100", "missing_lines": 0, "excluded_lines": 0, "percent_statements_covered": 100.0, "percent_statements_covered_display": "100"}, "missing_lines": [], "excluded_lines": []}, "": {"executed_lines": [1, 7, 8, 9, 10, 12, 13, 16, 17, 26, 37, 58, 80, 130, 143, 156, 171, 189, 206, 214, 222], "summary": {"covered_lines": 19, "num_statements": 19, "percent_covered": 100.0, "percent_covered_display": "100", "missing_lines": 0, "excluded_lines": 0, "percent_statements_covered": 100.0, "percent_statements_covered_display": "100"}, "missing_lines": [], "excluded_lines": []}}, "classes": {"ClaudeAgent": {"executed_lines": [32, 33, 34, 35, 49, 51, 71, 73, 100, 103, 106, 107, 108, 109, 111, 112, 114, 116, 117, 120, 121, 122, 140, 141, 153, 154, 165, 166, 167, 169, 181, 183, 184, 186, 187, 203, 204, 212, 220, 231, 232], "summary": {"covered_lines": 41, "num_statements": 41, "percent_covered": 100.0, "percent_covered_display": "100", "missing_lines": 0, "excluded_lines": 0, "percent_statements_covered": 100.0, "percent_statements_covered_display": "100"}, "missing_lines": [], "excluded_lines": []}, "": {"executed_lines": [1, 7, 8, 9, 10, 12, 13, 16, 17, 26, 37, 58, 80, 130, 143, 156, 171, 189, 206, 214, 222], "summary": {"covered_lines": 19, "num_statements": 19, "percent_covered": 100.0, "percent_covered_display": "100", "missing_lines": 0, "excluded_lines": 0, "percent_statements_covered": 100.0, "percent_statements_covered_display": "100"}, "missing_lines": [], "excluded_lines": []}}}, "devflow/agent/cursor_agent.py": {"executed_lines": [1, 14, 15, 16, 17, 19, 20, 23, 24, 43, 49, 50, 51, 52, 54, 66, 68, 75, 101, 122, 123, 124, 126, 128, 157, 170, 186, 203, 215, 216, 218, 224, 226, 232], "summary": {"covered_lines": 32, "num_statements": 48, "percent_covered": 66.66666666666667, "percent_covered_display": "67", "missing_lines": 16, "excluded_lines": 0, "percent_statements_covered": 66.66666666666667, "percent_statements_covered_display": "67"}, "missing_lines": [91, 94, 139, 142, 144, 145, 146, 147, 150, 151, 152, 155, 167, 168, 184, 201], "excluded_lines": [], "functions": {"CursorAgent.__init__": {"executed_lines": [49, 50, 51, 52], "summary": {"covered_lines": 4, "num_statements": 4, "percent_covered": 100.0, "percent_covered_display": "100", "missing_lines": 0, "excluded_lines": 0, "percent_statements_covered": 100.0, "percent_statements_covered_display": "100"}, "missing_lines": [], "excluded_lines": []}, "CursorAgent.launch_session": {"executed_lines": [66, 68], "summary": {"covered_lines": 2, "num_statements": 2, "percent_covered": 100.0, "percent_covered_display": "100", "missing_lines": 0, "excluded_lines": 0, "percent_statements_covered": 100.0, "percent_statements_covered_display": "100"}, "missing_lines": [], "excluded_lines": []}, "CursorAgent.resume_session": {"executed_lines": [], "summary": {"covered_lines": 0, "num_statements": 2, "percent_covered": 0.0, "percent_covered_display": "0", "missing_lines": 2, "excluded_lines": 0, "percent_statements_covered": 0.0, "percent_statements_covered_display": "0"}, "missing_lines": [91, 94], "excluded_lines": []}, "CursorAgent.capture_session_id": {"executed_lines": [122, 123, 124, 126], "summary": {"covered_lines": 4, "num_statements": 4, "percent_covered": 100.0, "percent_covered_display": "100", "missing_lines": 0, "excluded_lines": 0, "percent_statements_covered": 100.0, "percent_statements_covered_display": "100"}, "missing_lines": [], "excluded_lines": []}, "CursorAgent.get_session_file_path": {"executed_lines": [], "summary": {"covered_lines": 0, "num_statements": 10, "percent_covered": 0.0, "percent_covered_display": "0", "missing_lines": 10, "excluded_lines": 0, "percent_statements_covered": 0.0, "percent_statements_covered_display": "0"}, "missing_lines": [139, 142, 144, 145, 146, 147, 150, 151, 152, 155], "excluded_lines": []}, "CursorAgent.session_exists": {"executed_lines": [], "summary": {"covered_lines": 0, "num_statements": 2, "percent_covered": 0.0, "percent_covered_display": "0", "missing_lines": 2, "excluded_lines": 0, "percent_statements_covered": 0.0, "percent_statements_covered_display": "0"}, "missing_lines": [167, 168], "excluded_lines": []}, "CursorAgent.get_existing_sessions": {"executed_lines": [], "summary": {"covered_lines": 0, "num_statements": 1, "percent_covered": 0.0, "percent_covered_display": "0", "missing_lines": 1, "excluded_lines": 0, "percent_statements_covered": 0.0, "percent_statements_covered_display": "0"}, "missing_lines": [184], "excluded_lines": []}, "CursorAgent.get_session_message_count": {"executed_lines": [], "summary": {"covered_lines": 0, "num_statements": 1, "percent_covered": 0.0, "percent_covered_display": "0", "missing_lines": 1, "excluded_lines": 0, "percent_statements_covered": 0.0, "percent_statements_covered_display": "0"}, "missing_lines": [201], "excluded_lines": []}, "CursorAgent.encode_project_path": {"executed_lines": [215, 216], "summary": {"covered_lines": 2, "num_statements": 2, "percent_covered": 100.0, "percent_covered_display": "100", "missing_lines": 0, "excluded_lines": 0, "percent_statements_covered": 100.0, "percent_statements_covered_display": "100"}, "missing_lines": [], "excluded_lines": []}, "CursorAgent.get_agent_home_dir": {"executed_lines": [224], "summary": {"covered_lines": 1, "num_statements": 1, "percent_covered": 100.0, "percent_covered_display": "100", "missing_lines": 0, "excluded_lines": 0, "percent_statements_covered": 100.0, "percent_statements_covered_display": "100"}, "missing_lines": [], "excluded_lines": []}, "CursorAgent.get_agent_name": {"executed_lines": [232], "summary": {"covered_lines": 1, "num_statements": 1, "percent_covered": 100.0, "percent_covered_display": "100", "missing_lines": 0, "excluded_lines": 0, "percent_statements_covered": 100.0, "percent_statements_covered_display": "100"}, "missing_lines": [], "excluded_lines": []}, "": {"executed_lines": [1, 14, 15, 16, 17, 19, 20, 23, 24, 43, 54, 75, 101, 128, 157, 170, 186, 203, 218, 226], "summary": {"covered_lines": 18, "num_statements": 18, "percent_covered": 100.0, "percent_covered_display": "100", "missing_lines": 0, "excluded_lines": 0, "percent_statements_covered": 100.0, "percent_statements_covered_display": "100"}, "missing_lines": [], "excluded_lines": []}}, "classes": {"CursorAgent": {"executed_lines": [49, 50, 51, 52, 66, 68, 122, 123, 124, 126, 215, 216, 224, 232], "summary": {"covered_lines": 14, "num_statements": 30, "percent_covered": 46.666666666666664, "percent_covered_display": "47", "missing_lines": 16, "excluded_lines": 0, "percent_statements_covered": 46.666666666666664, "percent_statements_covered_display": "47"}, "missing_lines": [91, 94, 139, 142, 144, 145, 146, 147, 150, 151, 152, 155, 167, 168, 184, 201], "excluded_lines": []}, "": {"executed_lines": [1, 14, 15, 16, 17, 19, 20, 23, 24, 43, 54, 75, 101, 128, 157, 170, 186, 203, 218, 226], "summary": {"covered_lines": 18, "num_statements": 18, "percent_covered": 100.0, "percent_covered_display": "100", "missing_lines": 0, "excluded_lines": 0, "percent_statements_covered": 100.0, "percent_statements_covered_display": "100"}, "missing_lines": [], "excluded_lines": []}}}, "devflow/agent/factory.py": {"executed_lines": [1, 8, 9, 11, 12, 13, 14, 15, 18, 60, 62, 63, 64, 65, 66, 67, 68, 69, 71], "summary": {"covered_lines": 18, "num_statements": 18, "percent_covered": 100.0, "percent_covered_display": "100", "missing_lines": 0, "excluded_lines": 0, "percent_statements_covered": 100.0, "percent_statements_covered_display": "100"}, "missing_lines": [], "excluded_lines": [], "functions": {"create_agent_client": {"executed_lines": [60, 62, 63, 64, 65, 66, 67, 68, 69, 71], "summary": {"covered_lines": 10, "num_statements": 10, "percent_covered": 100.0, "percent_covered_display": "100", "missing_lines": 0, "excluded_lines": 0, "percent_statements_covered": 100.0, "percent_statements_covered_display": "100"}, "missing_lines": [], "excluded_lines": []}, "": {"executed_lines": [1, 8, 9, 11, 12, 13, 14, 15, 18], "summary": {"covered_lines": 8, "num_statements": 8, "percent_covered": 100.0, "percent_covered_display": "100", "missing_lines": 0, "excluded_lines": 0, "percent_statements_covered": 100.0, "percent_statements_covered_display": "100"}, "missing_lines": [], "excluded_lines": []}}, "classes": {"": {"executed_lines": [1, 8, 9, 11, 12, 13, 14, 15, 18, 60, 62, 63, 64, 65, 66, 67, 68, 69, 71], "summary": {"covered_lines": 18, "num_statements": 18, "percent_covered": 100.0, "percent_covered_display": "100", "missing_lines": 0, "excluded_lines": 0, "percent_statements_covered": 100.0, "percent_statements_covered_display": "100"}, "missing_lines": [], "excluded_lines": []}}}, "devflow/agent/github_copilot_agent.py": {"executed_lines": [1, 15, 16, 17, 18, 20, 21, 24, 25, 39, 45, 47, 48, 50, 52, 64, 66, 73, 99, 120, 121, 122, 124, 126, 144, 160, 176, 191, 203, 204, 206, 212, 214, 220], "summary": {"covered_lines": 32, "num_statements": 41, "percent_covered": 78.04878048780488, "percent_covered_display": "78", "missing_lines": 9, "excluded_lines": 0, "percent_statements_covered": 78.04878048780488, "percent_statements_covered_display": "78"}, "missing_lines": [89, 92, 140, 141, 142, 156, 158, 174, 189], "excluded_lines": [], "functions": {"GitHubCopilotAgent.__init__": {"executed_lines": [45, 47, 48, 50], "summary": {"covered_lines": 4, "num_statements": 4, "percent_covered": 100.0, "percent_covered_display": "100", "missing_lines": 0, "excluded_lines": 0, "percent_statements_covered": 100.0, "percent_statements_covered_display": "100"}, "missing_lines": [], "excluded_lines": []}, "GitHubCopilotAgent.launch_session": {"executed_lines": [64, 66], "summary": {"covered_lines": 2, "num_statements": 2, "percent_covered": 100.0, "percent_covered_display": "100", "missing_lines": 0, "excluded_lines": 0, "percent_statements_covered": 100.0, "percent_statements_covered_display": "100"}, "missing_lines": [], "excluded_lines": []}, "GitHubCopilotAgent.resume_session": {"executed_lines": [], "summary": {"covered_lines": 0, "num_statements": 2, "percent_covered": 0.0, "percent_covered_display": "0", "missing_lines": 2, "excluded_lines": 0, "percent_statements_covered": 0.0, "percent_statements_covered_display": "0"}, "missing_lines": [89, 92], "excluded_lines": []}, "GitHubCopilotAgent.capture_session_id": {"executed_lines": [120, 121, 122, 124], "summary": {"covered_lines": 4, "num_statements": 4, "percent_covered": 100.0, "percent_covered_display": "100", "missing_lines": 0, "excluded_lines": 0, "percent_statements_covered": 100.0, "percent_statements_covered_display": "100"}, "missing_lines": [], "excluded_lines": []}, "GitHubCopilotAgent.get_session_file_path": {"executed_lines": [], "summary": {"covered_lines": 0, "num_statements": 3, "percent_covered": 0.0, "percent_covered_display": "0", "missing_lines": 3, "excluded_lines": 0, "percent_statements_covered": 0.0, "percent_statements_covered_display": "0"}, "missing_lines": [140, 141, 142], "excluded_lines": []}, "GitHubCopilotAgent.session_exists": {"executed_lines": [], "summary": {"covered_lines": 0, "num_statements": 2, "percent_covered": 0.0, "percent_covered_display": "0", "missing_lines": 2, "excluded_lines": 0, "percent_statements_covered": 0.0, "percent_statements_covered_display": "0"}, "missing_lines": [156, 158], "excluded_lines": []}, "GitHubCopilotAgent.get_existing_sessions": {"executed_lines": [], "summary": {"covered_lines": 0, "num_statements": 1, "percent_covered": 0.0, "percent_covered_display": "0", "missing_lines": 1, "excluded_lines": 0, "percent_statements_covered": 0.0, "percent_statements_covered_display": "0"}, "missing_lines": [174], "excluded_lines": []}, "GitHubCopilotAgent.get_session_message_count": {"executed_lines": [], "summary": {"covered_lines": 0, "num_statements": 1, "percent_covered": 0.0, "percent_covered_display": "0", "missing_lines": 1, "excluded_lines": 0, "percent_statements_covered": 0.0, "percent_statements_covered_display": "0"}, "missing_lines": [189], "excluded_lines": []}, "GitHubCopilotAgent.encode_project_path": {"executed_lines": [203, 204], "summary": {"covered_lines": 2, "num_statements": 2, "percent_covered": 100.0, "percent_covered_display": "100", "missing_lines": 0, "excluded_lines": 0, "percent_statements_covered": 100.0, "percent_statements_covered_display": "100"}, "missing_lines": [], "excluded_lines": []}, "GitHubCopilotAgent.get_agent_home_dir": {"executed_lines": [212], "summary": {"covered_lines": 1, "num_statements": 1, "percent_covered": 100.0, "percent_covered_display": "100", "missing_lines": 0, "excluded_lines": 0, "percent_statements_covered": 100.0, "percent_statements_covered_display": "100"}, "missing_lines": [], "excluded_lines": []}, "GitHubCopilotAgent.get_agent_name": {"executed_lines": [220], "summary": {"covered_lines": 1, "num_statements": 1, "percent_covered": 100.0, "percent_covered_display": "100", "missing_lines": 0, "excluded_lines": 0, "percent_statements_covered": 100.0, "percent_statements_covered_display": "100"}, "missing_lines": [], "excluded_lines": []}, "": {"executed_lines": [1, 15, 16, 17, 18, 20, 21, 24, 25, 39, 52, 73, 99, 126, 144, 160, 176, 191, 206, 214], "summary": {"covered_lines": 18, "num_statements": 18, "percent_covered": 100.0, "percent_covered_display": "100", "missing_lines": 0, "excluded_lines": 0, "percent_statements_covered": 100.0, "percent_statements_covered_display": "100"}, "missing_lines": [], "excluded_lines": []}}, "classes": {"GitHubCopilotAgent": {"executed_lines": [45, 47, 48, 50, 64, 66, 120, 121, 122, 124, 203, 204, 212, 220], "summary": {"covered_lines": 14, "num_statements": 23, "percent_covered": 60.869565217391305, "percent_covered_display": "61", "missing_lines": 9, "excluded_lines": 0, "percent_statements_covered": 60.869565217391305, "percent_statements_covered_display": "61"}, "missing_lines": [89, 92, 140, 141, 142, 156, 158, 174, 189], "excluded_lines": []}, "": {"executed_lines": [1, 15, 16, 17, 18, 20, 21, 24, 25, 39, 52, 73, 99, 126, 144, 160, 176, 191, 206, 214], "summary": {"covered_lines": 18, "num_statements": 18, "percent_covered": 100.0, "percent_covered_display": "100", "missing_lines": 0, "excluded_lines": 0, "percent_statements_covered": 100.0, "percent_statements_covered_display": "100"}, "missing_lines": [], "excluded_lines": []}}}, "devflow/agent/interface.py": {"executed_lines": [1, 14, 15, 16, 17, 20, 21, 29, 30, 45, 46, 62, 63, 84, 85, 97, 98, 110, 111, 122, 123, 135, 136, 149, 150, 158, 159], "summary": {"covered_lines": 25, "num_statements": 35, "percent_covered": 71.42857142857143, "percent_covered_display": "71", "missing_lines": 10, "excluded_lines": 0, "percent_statements_covered": 71.42857142857143, "percent_statements_covered_display": "71"}, "missing_lines": [43, 60, 82, 95, 108, 120, 133, 147, 156, 165], "excluded_lines": [], "functions": {"AgentInterface.launch_session": {"executed_lines": [], "summary": {"covered_lines": 0, "num_statements": 1, "percent_covered": 0.0, "percent_covered_display": "0", "missing_lines": 1, "excluded_lines": 0, "percent_statements_covered": 0.0, "percent_statements_covered_display": "0"}, "missing_lines": [43], "excluded_lines": []}, "AgentInterface.resume_session": {"executed_lines": [], "summary": {"covered_lines": 0, "num_statements": 1, "percent_covered": 0.0, "percent_covered_display": "0", "missing_lines": 1, "excluded_lines": 0, "percent_statements_covered": 0.0, "percent_statements_covered_display": "0"}, "missing_lines": [60], "excluded_lines": []}, "AgentInterface.capture_session_id": {"executed_lines": [], "summary": {"covered_lines": 0, "num_statements": 1, "percent_covered": 0.0, "percent_covered_display": "0", "missing_lines": 1, "excluded_lines": 0, "percent_statements_covered": 0.0, "percent_statements_covered_display": "0"}, "missing_lines": [82], "excluded_lines": []}, "AgentInterface.get_session_file_path": {"executed_lines": [], "summary": {"covered_lines": 0, "num_statements": 1, "percent_covered": 0.0, "percent_covered_display": "0", "missing_lines": 1, "excluded_lines": 0, "percent_statements_covered": 0.0, "percent_statements_covered_display": "0"}, "missing_lines": [95], "excluded_lines": []}, "AgentInterface.session_exists": {"executed_lines": [], "summary": {"covered_lines": 0, "num_statements": 1, "percent_covered": 0.0, "percent_covered_display": "0", "missing_lines": 1, "excluded_lines": 0, "percent_statements_covered": 0.0, "percent_statements_covered_display": "0"}, "missing_lines": [108], "excluded_lines": []}, "AgentInterface.get_existing_sessions": {"executed_lines": [], "summary": {"covered_lines": 0, "num_statements": 1, "percent_covered": 0.0, "percent_covered_display": "0", "missing_lines": 1, "excluded_lines": 0, "percent_statements_covered": 0.0, "percent_statements_covered_display": "0"}, "missing_lines": [120], "excluded_lines": []}, "AgentInterface.get_session_message_count": {"executed_lines": [], "summary": {"covered_lines": 0, "num_statements": 1, "percent_covered": 0.0, "percent_covered_display": "0", "missing_lines": 1, "excluded_lines": 0, "percent_statements_covered": 0.0, "percent_statements_covered_display": "0"}, "missing_lines": [133], "excluded_lines": []}, "AgentInterface.encode_project_path": {"executed_lines": [], "summary": {"covered_lines": 0, "num_statements": 1, "percent_covered": 0.0, "percent_covered_display": "0", "missing_lines": 1, "excluded_lines": 0, "percent_statements_covered": 0.0, "percent_statements_covered_display": "0"}, "missing_lines": [147], "excluded_lines": []}, "AgentInterface.get_agent_home_dir": {"executed_lines": [], "summary": {"covered_lines": 0, "num_statements": 1, "percent_covered": 0.0, "percent_covered_display": "0", "missing_lines": 1, "excluded_lines": 0, "percent_statements_covered": 0.0, "percent_statements_covered_display": "0"}, "missing_lines": [156], "excluded_lines": []}, "AgentInterface.get_agent_name": {"executed_lines": [], "summary": {"covered_lines": 0, "num_statements": 1, "percent_covered": 0.0, "percent_covered_display": "0", "missing_lines": 1, "excluded_lines": 0, "percent_statements_covered": 0.0, "percent_statements_covered_display": "0"}, "missing_lines": [165], "excluded_lines": []}, "": {"executed_lines": [1, 14, 15, 16, 17, 20, 21, 29, 30, 45, 46, 62, 63, 84, 85, 97, 98, 110, 111, 122, 123, 135, 136, 149, 150, 158, 159], "summary": {"covered_lines": 25, "num_statements": 25, "percent_covered": 100.0, "percent_covered_display": "100", "missing_lines": 0, "excluded_lines": 0, "percent_statements_covered": 100.0, "percent_statements_covered_display": "100"}, "missing_lines": [], "excluded_lines": []}}, "classes": {"AgentInterface": {"executed_lines": [], "summary": {"covered_lines": 0, "num_statements": 10, "percent_covered": 0.0, "percent_covered_display": "0", "missing_lines": 10, "excluded_lines": 0, "percent_statements_covered": 0.0, "percent_statements_covered_display": "0"}, "missing_lines": [43, 60, 82, 95, 108, 120, 133, 147, 156, 165], "excluded_lines": []}, "": {"executed_lines": [1, 14, 15, 16, 17, 20, 21, 29, 30, 45, 46, 62, 63, 84, 85, 97, 98, 110, 111, 122, 123, 135, 136, 149, 150, 158, 159], "summary": {"covered_lines": 25, "num_statements": 25, "percent_covered": 100.0, "percent_covered_display": "100", "missing_lines": 0, "excluded_lines": 0, "percent_statements_covered": 100.0, "percent_statements_covered_display": "100"}, "missing_lines": [], "excluded_lines": []}}}, "devflow/agent/windsurf_agent.py": {"executed_lines": [1, 14, 15, 16, 17, 19, 20, 23, 24, 43, 49, 50, 51, 52, 54, 66, 68, 75, 101, 121, 122, 123, 125, 127, 157, 170, 186, 203, 215, 216, 218, 224, 226, 232], "summary": {"covered_lines": 32, "num_statements": 48, "percent_covered": 66.66666666666667, "percent_covered_display": "67", "missing_lines": 16, "excluded_lines": 0, "percent_statements_covered": 66.66666666666667, "percent_statements_covered_display": "67"}, "missing_lines": [91, 94, 138, 141, 143, 144, 146, 147, 150, 151, 152, 155, 167, 168, 184, 201], "excluded_lines": [], "functions": {"WindsurfAgent.__init__": {"executed_lines": [49, 50, 51, 52], "summary": {"covered_lines": 4, "num_statements": 4, "percent_covered": 100.0, "percent_covered_display": "100", "missing_lines": 0, "excluded_lines": 0, "percent_statements_covered": 100.0, "percent_statements_covered_display": "100"}, "missing_lines": [], "excluded_lines": []}, "WindsurfAgent.launch_session": {"executed_lines": [66, 68], "summary": {"covered_lines": 2, "num_statements": 2, "percent_covered": 100.0, "percent_covered_display": "100", "missing_lines": 0, "excluded_lines": 0, "percent_statements_covered": 100.0, "percent_statements_covered_display": "100"}, "missing_lines": [], "excluded_lines": []}, "WindsurfAgent.resume_session": {"executed_lines": [], "summary": {"covered_lines": 0, "num_statements": 2, "percent_covered": 0.0, "percent_covered_display": "0", "missing_lines": 2, "excluded_lines": 0, "percent_statements_covered": 0.0, "percent_statements_covered_display": "0"}, "missing_lines": [91, 94], "excluded_lines": []}, "WindsurfAgent.capture_session_id": {"executed_lines": [121, 122, 123, 125], "summary": {"covered_lines": 4, "num_statements": 4, "percent_covered": 100.0, "percent_covered_display": "100", "missing_lines": 0, "excluded_lines": 0, "percent_statements_covered": 100.0, "percent_statements_covered_display": "100"}, "missing_lines": [], "excluded_lines": []}, "WindsurfAgent.get_session_file_path": {"executed_lines": [], "summary": {"covered_lines": 0, "num_statements": 10, "percent_covered": 0.0, "percent_covered_display": "0", "missing_lines": 10, "excluded_lines": 0, "percent_statements_covered": 0.0, "percent_statements_covered_display": "0"}, "missing_lines": [138, 141, 143, 144, 146, 147, 150, 151, 152, 155], "excluded_lines": []}, "WindsurfAgent.session_exists": {"executed_lines": [], "summary": {"covered_lines": 0, "num_statements": 2, "percent_covered": 0.0, "percent_covered_display": "0", "missing_lines": 2, "excluded_lines": 0, "percent_statements_covered": 0.0, "percent_statements_covered_display": "0"}, "missing_lines": [167, 168], "excluded_lines": []}, "WindsurfAgent.get_existing_sessions": {"executed_lines": [], "summary": {"covered_lines": 0, "num_statements": 1, "percent_covered": 0.0, "percent_covered_display": "0", "missing_lines": 1, "excluded_lines": 0, "percent_statements_covered": 0.0, "percent_statements_covered_display": "0"}, "missing_lines": [184], "excluded_lines": []}, "WindsurfAgent.get_session_message_count": {"executed_lines": [], "summary": {"covered_lines": 0, "num_statements": 1, "percent_covered": 0.0, "percent_covered_display": "0", "missing_lines": 1, "excluded_lines": 0, "percent_statements_covered": 0.0, "percent_statements_covered_display": "0"}, "missing_lines": [201], "excluded_lines": []}, "WindsurfAgent.encode_project_path": {"executed_lines": [215, 216], "summary": {"covered_lines": 2, "num_statements": 2, "percent_covered": 100.0, "percent_covered_display": "100", "missing_lines": 0, "excluded_lines": 0, "percent_statements_covered": 100.0, "percent_statements_covered_display": "100"}, "missing_lines": [], "excluded_lines": []}, "WindsurfAgent.get_agent_home_dir": {"executed_lines": [224], "summary": {"covered_lines": 1, "num_statements": 1, "percent_covered": 100.0, "percent_covered_display": "100", "missing_lines": 0, "excluded_lines": 0, "percent_statements_covered": 100.0, "percent_statements_covered_display": "100"}, "missing_lines": [], "excluded_lines": []}, "WindsurfAgent.get_agent_name": {"executed_lines": [232], "summary": {"covered_lines": 1, "num_statements": 1, "percent_covered": 100.0, "percent_covered_display": "100", "missing_lines": 0, "excluded_lines": 0, "percent_statements_covered": 100.0, "percent_statements_covered_display": "100"}, "missing_lines": [], "excluded_lines": []}, "": {"executed_lines": [1, 14, 15, 16, 17, 19, 20, 23, 24, 43, 54, 75, 101, 127, 157, 170, 186, 203, 218, 226], "summary": {"covered_lines": 18, "num_statements": 18, "percent_covered": 100.0, "percent_covered_display": "100", "missing_lines": 0, "excluded_lines": 0, "percent_statements_covered": 100.0, "percent_statements_covered_display": "100"}, "missing_lines": [], "excluded_lines": []}}, "classes": {"WindsurfAgent": {"executed_lines": [49, 50, 51, 52, 66, 68, 121, 122, 123, 125, 215, 216, 224, 232], "summary": {"covered_lines": 14, "num_statements": 30, "percent_covered": 46.666666666666664, "percent_covered_display": "47", "missing_lines": 16, "excluded_lines": 0, "percent_statements_covered": 46.666666666666664, "percent_statements_covered_display": "47"}, "missing_lines": [91, 94, 138, 141, 143, 144, 146, 147, 150, 151, 152, 155, 167, 168, 184, 201], "excluded_lines": []}, "": {"executed_lines": [1, 14, 15, 16, 17, 19, 20, 23, 24, 43, 54, 75, 101, 127, 157, 170, 186, 203, 218, 226], "summary": {"covered_lines": 18, "num_statements": 18, "percent_covered": 100.0, "percent_covered_display": "100", "missing_lines": 0, "excluded_lines": 0, "percent_statements_covered": 100.0, "percent_statements_covered_display": "100"}, "missing_lines": [], "excluded_lines": []}}}, "devflow/archive/__init__.py": {"executed_lines": [1, 3, 5], "summary": {"covered_lines": 2, "num_statements": 2, "percent_covered": 100.0, "percent_covered_display": "100", "missing_lines": 0, "excluded_lines": 0, "percent_statements_covered": 100.0, "percent_statements_covered_display": "100"}, "missing_lines": [], "excluded_lines": [], "functions": {"": {"executed_lines": [1, 3, 5], "summary": {"covered_lines": 2, "num_statements": 2, "percent_covered": 100.0, "percent_covered_display": "100", "missing_lines": 0, "excluded_lines": 0, "percent_statements_covered": 100.0, "percent_statements_covered_display": "100"}, "missing_lines": [], "excluded_lines": []}}, "classes": {"": {"executed_lines": [1, 3, 5], "summary": {"covered_lines": 2, "num_statements": 2, "percent_covered": 100.0, "percent_covered_display": "100", "missing_lines": 0, "excluded_lines": 0, "percent_statements_covered": 100.0, "percent_statements_covered_display": "100"}, "missing_lines": [], "excluded_lines": []}}}, "devflow/archive/base.py": {"executed_lines": [1, 3, 4, 5, 6, 7, 9, 12, 13, 19, 25, 27, 36, 37, 38, 40, 41, 42, 43, 44, 48, 56, 58, 59, 61, 62, 63, 65, 67, 78, 80, 88, 89, 90, 91, 92, 93, 95, 105, 106, 107, 110, 111, 112, 115, 116, 117, 120, 121, 122], "summary": {"covered_lines": 48, "num_statements": 49, "percent_covered": 97.95918367346938, "percent_covered_display": "98", "missing_lines": 1, "excluded_lines": 0, "percent_statements_covered": 97.95918367346938, "percent_statements_covered_display": "98"}, "missing_lines": [46], "excluded_lines": [], "functions": {"ArchiveManagerBase.__init__": {"executed_lines": [25], "summary": {"covered_lines": 1, "num_statements": 1, "percent_covered": 100.0, "percent_covered_display": "100", "missing_lines": 0, "excluded_lines": 0, "percent_statements_covered": 100.0, "percent_statements_covered_display": "100"}, "missing_lines": [], "excluded_lines": []}, "ArchiveManagerBase._find_conversation_file": {"executed_lines": [36, 37, 38, 40, 41, 42, 43, 44], "summary": {"covered_lines": 8, "num_statements": 9, "percent_covered": 88.88888888888889, "percent_covered_display": "89", "missing_lines": 1, "excluded_lines": 0, "percent_statements_covered": 88.88888888888889, "percent_statements_covered_display": "89"}, "missing_lines": [46], "excluded_lines": []}, "ArchiveManagerBase._add_json_to_tar": {"executed_lines": [56, 58, 59, 61, 62, 63, 65], "summary": {"covered_lines": 7, "num_statements": 7, "percent_covered": 100.0, "percent_covered_display": "100", "missing_lines": 0, "excluded_lines": 0, "percent_statements_covered": 100.0, "percent_statements_covered_display": "100"}, "missing_lines": [], "excluded_lines": []}, "ArchiveManagerBase._encode_path": {"executed_lines": [78], "summary": {"covered_lines": 1, "num_statements": 1, "percent_covered": 100.0, "percent_covered_display": "100", "missing_lines": 0, "excluded_lines": 0, "percent_statements_covered": 100.0, "percent_statements_covered_display": "100"}, "missing_lines": [], "excluded_lines": []}, "ArchiveManagerBase._add_diagnostic_logs": {"executed_lines": [88, 89, 90, 91, 92, 93], "summary": {"covered_lines": 6, "num_statements": 6, "percent_covered": 100.0, "percent_covered_display": "100", "missing_lines": 0, "excluded_lines": 0, "percent_statements_covered": 100.0, "percent_statements_covered_display": "100"}, "missing_lines": [], "excluded_lines": []}, "ArchiveManagerBase._restore_diagnostic_logs": {"executed_lines": [105, 106, 107, 110, 111, 112, 115, 116, 117, 120, 121, 122], "summary": {"covered_lines": 12, "num_statements": 12, "percent_covered": 100.0, "percent_covered_display": "100", "missing_lines": 0, "excluded_lines": 0, "percent_statements_covered": 100.0, "percent_statements_covered_display": "100"}, "missing_lines": [], "excluded_lines": []}, "": {"executed_lines": [1, 3, 4, 5, 6, 7, 9, 12, 13, 19, 27, 48, 67, 80, 95], "summary": {"covered_lines": 13, "num_statements": 13, "percent_covered": 100.0, "percent_covered_display": "100", "missing_lines": 0, "excluded_lines": 0, "percent_statements_covered": 100.0, "percent_statements_covered_display": "100"}, "missing_lines": [], "excluded_lines": []}}, "classes": {"ArchiveManagerBase": {"executed_lines": [25, 36, 37, 38, 40, 41, 42, 43, 44, 56, 58, 59, 61, 62, 63, 65, 78, 88, 89, 90, 91, 92, 93, 105, 106, 107, 110, 111, 112, 115, 116, 117, 120, 121, 122], "summary": {"covered_lines": 35, "num_statements": 36, "percent_covered": 97.22222222222223, "percent_covered_display": "97", "missing_lines": 1, "excluded_lines": 0, "percent_statements_covered": 97.22222222222223, "percent_statements_covered_display": "97"}, "missing_lines": [46], "excluded_lines": []}, "": {"executed_lines": [1, 3, 4, 5, 6, 7, 9, 12, 13, 19, 27, 48, 67, 80, 95], "summary": {"covered_lines": 13, "num_statements": 13, "percent_covered": 100.0, "percent_covered_display": "100", "missing_lines": 0, "excluded_lines": 0, "percent_statements_covered": 100.0, "percent_statements_covered_display": "100"}, "missing_lines": [], "excluded_lines": []}}}, "devflow/backup/__init__.py": {"executed_lines": [1], "summary": {"covered_lines": 0, "num_statements": 0, "percent_covered": 100.0, "percent_covered_display": "100", "missing_lines": 0, "excluded_lines": 0, "percent_statements_covered": 100.0, "percent_statements_covered_display": "100"}, "missing_lines": [], "excluded_lines": [], "functions": {"": {"executed_lines": [1], "summary": {"covered_lines": 0, "num_statements": 0, "percent_covered": 100.0, "percent_covered_display": "100", "missing_lines": 0, "excluded_lines": 0, "percent_statements_covered": 100.0, "percent_statements_covered_display": "100"}, "missing_lines": [], "excluded_lines": []}}, "classes": {"": {"executed_lines": [1], "summary": {"covered_lines": 0, "num_statements": 0, "percent_covered": 100.0, "percent_covered_display": "100", "missing_lines": 0, "excluded_lines": 0, "percent_statements_covered": 100.0, "percent_statements_covered_display": "100"}, "missing_lines": [], "excluded_lines": []}}}, "devflow/backup/manager.py": {"executed_lines": [1, 3, 4, 5, 6, 7, 8, 10, 11, 12, 13, 16, 17, 22, 28, 30, 44, 45, 46, 47, 49, 52, 54, 61, 62, 63, 66, 67, 68, 71, 73, 74, 75, 76, 84, 86, 88, 95, 96, 99, 100, 102, 103, 104, 107, 108, 110, 118, 119, 120, 123, 129, 130, 131, 133, 134, 135, 137, 139, 141, 143, 148, 149, 151, 154, 157, 158, 159, 161, 162, 163, 166, 167, 168, 169, 171, 172, 175, 176, 178, 179, 180, 183, 185, 189, 190, 194, 199, 202, 204, 205, 207, 208, 209, 210, 211, 212, 213, 214, 218, 230, 232, 233, 234, 237, 238, 241, 245, 247, 253, 255, 263, 265, 267], "summary": {"covered_lines": 112, "num_statements": 129, "percent_covered": 86.82170542635659, "percent_covered_display": "87", "missing_lines": 17, "excluded_lines": 0, "percent_statements_covered": 86.82170542635659, "percent_statements_covered_display": "87"}, "missing_lines": [77, 78, 80, 81, 111, 124, 145, 192, 219, 220, 221, 222, 223, 224, 225, 226, 227], "excluded_lines": [], "functions": {"BackupManager.__init__": {"executed_lines": [28], "summary": {"covered_lines": 1, "num_statements": 1, "percent_covered": 100.0, "percent_covered_display": "100", "missing_lines": 0, "excluded_lines": 0, "percent_statements_covered": 100.0, "percent_statements_covered_display": "100"}, "missing_lines": [], "excluded_lines": []}, "BackupManager.create_backup": {"executed_lines": [44, 45, 46, 47, 49, 52, 54, 61, 62, 63, 66, 67, 68, 71, 73, 74, 75, 76, 84, 86], "summary": {"covered_lines": 20, "num_statements": 24, "percent_covered": 83.33333333333333, "percent_covered_display": "83", "missing_lines": 4, "excluded_lines": 0, "percent_statements_covered": 83.33333333333333, "percent_statements_covered_display": "83"}, "missing_lines": [77, 78, 80, 81], "excluded_lines": []}, "BackupManager.restore_backup": {"executed_lines": [95, 96, 99, 100, 102, 103, 104, 107, 108, 110, 118, 119, 120, 123, 129, 130, 131, 133, 134, 135, 137, 139, 141, 143, 148, 149, 151, 154, 157, 158, 159, 161, 162, 163, 166, 167, 168, 169, 171, 172, 175, 176, 178, 179, 180, 183, 185, 189, 190, 194, 199, 202, 204, 205, 207, 208, 209, 210, 211, 212, 213, 214, 218, 230, 232, 233, 234, 237, 238, 241, 245], "summary": {"covered_lines": 71, "num_statements": 84, "percent_covered": 84.52380952380952, "percent_covered_display": "85", "missing_lines": 13, "excluded_lines": 0, "percent_statements_covered": 84.52380952380952, "percent_statements_covered_display": "85"}, "missing_lines": [111, 124, 145, 192, 219, 220, 221, 222, 223, 224, 225, 226, 227], "excluded_lines": []}, "BackupManager._collect_backup_data": {"executed_lines": [253, 255, 263, 265, 267], "summary": {"covered_lines": 5, "num_statements": 5, "percent_covered": 100.0, "percent_covered_display": "100", "missing_lines": 0, "excluded_lines": 0, "percent_statements_covered": 100.0, "percent_statements_covered_display": "100"}, "missing_lines": [], "excluded_lines": []}, "": {"executed_lines": [1, 3, 4, 5, 6, 7, 8, 10, 11, 12, 13, 16, 17, 22, 30, 88, 247], "summary": {"covered_lines": 15, "num_statements": 15, "percent_covered": 100.0, "percent_covered_display": "100", "missing_lines": 0, "excluded_lines": 0, "percent_statements_covered": 100.0, "percent_statements_covered_display": "100"}, "missing_lines": [], "excluded_lines": []}}, "classes": {"BackupManager": {"executed_lines": [28, 44, 45, 46, 47, 49, 52, 54, 61, 62, 63, 66, 67, 68, 71, 73, 74, 75, 76, 84, 86, 95, 96, 99, 100, 102, 103, 104, 107, 108, 110, 118, 119, 120, 123, 129, 130, 131, 133, 134, 135, 137, 139, 141, 143, 148, 149, 151, 154, 157, 158, 159, 161, 162, 163, 166, 167, 168, 169, 171, 172, 175, 176, 178, 179, 180, 183, 185, 189, 190, 194, 199, 202, 204, 205, 207, 208, 209, 210, 211, 212, 213, 214, 218, 230, 232, 233, 234, 237, 238, 241, 245, 253, 255, 263, 265, 267], "summary": {"covered_lines": 97, "num_statements": 114, "percent_covered": 85.08771929824562, "percent_covered_display": "85", "missing_lines": 17, "excluded_lines": 0, "percent_statements_covered": 85.08771929824562, "percent_statements_covered_display": "85"}, "missing_lines": [77, 78, 80, 81, 111, 124, 145, 192, 219, 220, 221, 222, 223, 224, 225, 226, 227], "excluded_lines": []}, "": {"executed_lines": [1, 3, 4, 5, 6, 7, 8, 10, 11, 12, 13, 16, 17, 22, 30, 88, 247], "summary": {"covered_lines": 15, "num_statements": 15, "percent_covered": 100.0, "percent_covered_display": "100", "missing_lines": 0, "excluded_lines": 0, "percent_statements_covered": 100.0, "percent_statements_covered_display": "100"}, "missing_lines": [], "excluded_lines": []}}}, "devflow/cli/__init__.py": {"executed_lines": [1], "summary": {"covered_lines": 0, "num_statements": 0, "percent_covered": 100.0, "percent_covered_display": "100", "missing_lines": 0, "excluded_lines": 0, "percent_statements_covered": 100.0, "percent_statements_covered_display": "100"}, "missing_lines": [], "excluded_lines": [], "functions": {"": {"executed_lines": [1], "summary": {"covered_lines": 0, "num_statements": 0, "percent_covered": 100.0, "percent_covered_display": "100", "missing_lines": 0, "excluded_lines": 0, "percent_statements_covered": 100.0, "percent_statements_covered_display": "100"}, "missing_lines": [], "excluded_lines": []}}, "classes": {"": {"executed_lines": [1], "summary": {"covered_lines": 0, "num_statements": 0, "percent_covered": 100.0, "percent_covered_display": "100", "missing_lines": 0, "excluded_lines": 0, "percent_statements_covered": 100.0, "percent_statements_covered_display": "100"}, "missing_lines": [], "excluded_lines": []}}}, "devflow/cli/commands/__init__.py": {"executed_lines": [1], "summary": {"covered_lines": 0, "num_statements": 0, "percent_covered": 100.0, "percent_covered_display": "100", "missing_lines": 0, "excluded_lines": 0, "percent_statements_covered": 100.0, "percent_statements_covered_display": "100"}, "missing_lines": [], "excluded_lines": [], "functions": {"": {"executed_lines": [1], "summary": {"covered_lines": 0, "num_statements": 0, "percent_covered": 100.0, "percent_covered_display": "100", "missing_lines": 0, "excluded_lines": 0, "percent_statements_covered": 100.0, "percent_statements_covered_display": "100"}, "missing_lines": [], "excluded_lines": []}}, "classes": {"": {"executed_lines": [1], "summary": {"covered_lines": 0, "num_statements": 0, "percent_covered": 100.0, "percent_covered_display": "100", "missing_lines": 0, "excluded_lines": 0, "percent_statements_covered": 100.0, "percent_statements_covered_display": "100"}, "missing_lines": [], "excluded_lines": []}}}, "devflow/cli/commands/active_command.py": {"executed_lines": [1, 3, 4, 5, 7, 8, 9, 11, 14, 23, 24, 25, 28, 30, 31, 33, 34, 43, 44, 45, 47, 50, 51, 52, 53, 54, 56, 57, 58, 61, 62, 65, 66, 67, 68, 69, 71, 72, 79, 99, 103, 114, 115, 118, 119, 123, 124, 125, 126, 128, 129, 136, 137, 138, 139, 140, 141, 144, 153, 154, 155, 156, 157, 159, 161, 162, 163, 164, 166, 175, 178, 185, 188, 189, 190, 191, 194, 196, 197, 198, 199, 201, 204, 206, 207, 208, 210, 211, 212, 213, 215, 217, 218, 222, 223], "summary": {"covered_lines": 94, "num_statements": 94, "percent_covered": 100.0, "percent_covered_display": "100", "missing_lines": 0, "excluded_lines": 0, "percent_statements_covered": 100.0, "percent_statements_covered_display": "100"}, "missing_lines": [], "excluded_lines": [], "functions": {"show_active": {"executed_lines": [23, 24, 25, 28, 30, 31, 33, 34, 43, 44, 45, 47, 50, 51, 52, 53, 54, 56, 57, 58, 61, 62, 65, 66, 67, 68, 69, 71, 72, 79, 99, 103, 114, 115, 118, 119, 123, 124, 125, 126, 128, 129, 136, 137, 138, 139, 140, 141], "summary": {"covered_lines": 48, "num_statements": 48, "percent_covered": 100.0, "percent_covered_display": "100", "missing_lines": 0, "excluded_lines": 0, "percent_statements_covered": 100.0, "percent_statements_covered_display": "100"}, "missing_lines": [], "excluded_lines": []}, "_get_recent_conversations_data": {"executed_lines": [153, 154, 155, 156, 157, 159, 161, 162, 163, 164, 166, 175], "summary": {"covered_lines": 12, "num_statements": 12, "percent_covered": 100.0, "percent_covered_display": "100", "missing_lines": 0, "excluded_lines": 0, "percent_statements_covered": 100.0, "percent_statements_covered_display": "100"}, "missing_lines": [], "excluded_lines": []}, "_show_recent_conversations": {"executed_lines": [185, 188, 189, 190, 191, 194, 196, 197, 198, 199, 201, 204, 206, 207, 208, 210, 211, 212, 213, 215, 217, 218, 222, 223], "summary": {"covered_lines": 24, "num_statements": 24, "percent_covered": 100.0, "percent_covered_display": "100", "missing_lines": 0, "excluded_lines": 0, "percent_statements_covered": 100.0, "percent_statements_covered_display": "100"}, "missing_lines": [], "excluded_lines": []}, "": {"executed_lines": [1, 3, 4, 5, 7, 8, 9, 11, 14, 144, 178], "summary": {"covered_lines": 10, "num_statements": 10, "percent_covered": 100.0, "percent_covered_display": "100", "missing_lines": 0, "excluded_lines": 0, "percent_statements_covered": 100.0, "percent_statements_covered_display": "100"}, "missing_lines": [], "excluded_lines": []}}, "classes": {"": {"executed_lines": [1, 3, 4, 5, 7, 8, 9, 11, 14, 23, 24, 25, 28, 30, 31, 33, 34, 43, 44, 45, 47, 50, 51, 52, 53, 54, 56, 57, 58, 61, 62, 65, 66, 67, 68, 69, 71, 72, 79, 99, 103, 114, 115, 118, 119, 123, 124, 125, 126, 128, 129, 136, 137, 138, 139, 140, 141, 144, 153, 154, 155, 156, 157, 159, 161, 162, 163, 164, 166, 175, 178, 185, 188, 189, 190, 191, 194, 196, 197, 198, 199, 201, 204, 206, 207, 208, 210, 211, 212, 213, 215, 217, 218, 222, 223], "summary": {"covered_lines": 94, "num_statements": 94, "percent_covered": 100.0, "percent_covered_display": "100", "missing_lines": 0, "excluded_lines": 0, "percent_statements_covered": 100.0, "percent_statements_covered_display": "100"}, "missing_lines": [], "excluded_lines": []}}}, "devflow/cli/commands/backup_command.py": {"executed_lines": [1, 3, 4, 6, 8, 9, 10, 12, 15, 16, 22, 23, 25, 26, 27, 28, 29, 30, 31, 32, 33, 35, 37, 38, 39, 40, 43, 44, 46, 47, 48], "summary": {"covered_lines": 30, "num_statements": 30, "percent_covered": 100.0, "percent_covered_display": "100", "missing_lines": 0, "excluded_lines": 0, "percent_statements_covered": 100.0, "percent_statements_covered_display": "100"}, "missing_lines": [], "excluded_lines": [], "functions": {"create_backup": {"executed_lines": [22, 23, 25, 26, 27, 28, 29, 30, 31, 32, 33, 35, 37, 38, 39, 40, 43, 44, 46, 47, 48], "summary": {"covered_lines": 21, "num_statements": 21, "percent_covered": 100.0, "percent_covered_display": "100", "missing_lines": 0, "excluded_lines": 0, "percent_statements_covered": 100.0, "percent_statements_covered_display": "100"}, "missing_lines": [], "excluded_lines": []}, "": {"executed_lines": [1, 3, 4, 6, 8, 9, 10, 12, 15, 16], "summary": {"covered_lines": 9, "num_statements": 9, "percent_covered": 100.0, "percent_covered_display": "100", "missing_lines": 0, "excluded_lines": 0, "percent_statements_covered": 100.0, "percent_statements_covered_display": "100"}, "missing_lines": [], "excluded_lines": []}}, "classes": {"": {"executed_lines": [1, 3, 4, 6, 8, 9, 10, 12, 15, 16, 22, 23, 25, 26, 27, 28, 29, 30, 31, 32, 33, 35, 37, 38, 39, 40, 43, 44, 46, 47, 48], "summary": {"covered_lines": 30, "num_statements": 30, "percent_covered": 100.0, "percent_covered_display": "100", "missing_lines": 0, "excluded_lines": 0, "percent_statements_covered": 100.0, "percent_statements_covered_display": "100"}, "missing_lines": [], "excluded_lines": []}}}, "devflow/cli/commands/check_command.py": {"executed_lines": [1, 3, 4, 5, 7, 8, 10, 12, 15, 24, 26, 28, 39, 46, 49, 53, 59, 60, 61, 64, 65, 66, 69, 73, 78, 79, 81, 82, 84, 85, 89, 92, 98, 99, 100, 101, 102, 104, 105, 106, 107, 109, 110, 112, 113, 114, 115, 117, 124], "summary": {"covered_lines": 48, "num_statements": 48, "percent_covered": 100.0, "percent_covered_display": "100", "missing_lines": 0, "excluded_lines": 0, "percent_statements_covered": 100.0, "percent_statements_covered_display": "100"}, "missing_lines": [], "excluded_lines": [], "functions": {"check_dependencies": {"executed_lines": [24, 26, 28, 39, 46, 49, 53, 59, 60, 61, 64, 65, 66, 69, 73, 78, 79, 81, 82, 84, 85, 89], "summary": {"covered_lines": 22, "num_statements": 22, "percent_covered": 100.0, "percent_covered_display": "100", "missing_lines": 0, "excluded_lines": 0, "percent_statements_covered": 100.0, "percent_statements_covered_display": "100"}, "missing_lines": [], "excluded_lines": []}, "_display_tools_table": {"executed_lines": [98, 99, 100, 101, 102, 104, 105, 106, 107, 109, 110, 112, 113, 114, 115, 117, 124], "summary": {"covered_lines": 17, "num_statements": 17, "percent_covered": 100.0, "percent_covered_display": "100", "missing_lines": 0, "excluded_lines": 0, "percent_statements_covered": 100.0, "percent_statements_covered_display": "100"}, "missing_lines": [], "excluded_lines": []}, "": {"executed_lines": [1, 3, 4, 5, 7, 8, 10, 12, 15, 92], "summary": {"covered_lines": 9, "num_statements": 9, "percent_covered": 100.0, "percent_covered_display": "100", "missing_lines": 0, "excluded_lines": 0, "percent_statements_covered": 100.0, "percent_statements_covered_display": "100"}, "missing_lines": [], "excluded_lines": []}}, "classes": {"": {"executed_lines": [1, 3, 4, 5, 7, 8, 10, 12, 15, 24, 26, 28, 39, 46, 49, 53, 59, 60, 61, 64, 65, 66, 69, 73, 78, 79, 81, 82, 84, 85, 89, 92, 98, 99, 100, 101, 102, 104, 105, 106, 107, 109, 110, 112, 113, 114, 115, 117, 124], "summary": {"covered_lines": 48, "num_statements": 48, "percent_covered": 100.0, "percent_covered_display": "100", "missing_lines": 0, "excluded_lines": 0, "percent_statements_covered": 100.0, "percent_statements_covered_display": "100"}, "missing_lines": [], "excluded_lines": []}}}, "devflow/cli/commands/cleanup_command.py": {"executed_lines": [1, 3, 4, 5, 6, 7, 8, 10, 11, 13, 14, 15, 16, 17, 19, 22, 23, 45, 46, 49, 61, 69, 70, 71, 72, 75, 83, 87, 88, 94, 95, 96, 97, 263, 281, 290, 291, 292, 295, 296, 297, 298, 299, 304, 314, 316, 318, 319, 321, 322, 324, 326, 327, 331, 334, 343, 344, 345, 346, 350, 385, 409, 471], "summary": {"covered_lines": 62, "num_statements": 329, "percent_covered": 18.84498480243161, "percent_covered_display": "19", "missing_lines": 267, "excluded_lines": 0, "percent_statements_covered": 18.84498480243161, "percent_statements_covered_display": "19"}, "missing_lines": [50, 51, 52, 53, 55, 56, 57, 58, 62, 63, 64, 65, 66, 77, 78, 79, 80, 81, 90, 91, 92, 100, 101, 102, 105, 106, 107, 110, 111, 112, 113, 114, 115, 117, 118, 119, 122, 123, 124, 125, 126, 129, 130, 131, 132, 133, 134, 135, 138, 139, 142, 143, 145, 146, 147, 150, 153, 154, 155, 156, 157, 158, 159, 160, 161, 163, 164, 167, 169, 170, 171, 172, 173, 174, 175, 178, 179, 181, 182, 183, 184, 186, 188, 191, 193, 195, 196, 199, 200, 202, 203, 205, 206, 209, 210, 211, 212, 214, 215, 216, 217, 219, 220, 221, 222, 225, 226, 227, 231, 233, 234, 237, 238, 239, 240, 242, 243, 244, 245, 248, 250, 251, 252, 253, 254, 256, 257, 258, 259, 260, 273, 274, 275, 276, 277, 278, 301, 328, 329, 347, 357, 359, 366, 367, 369, 370, 371, 372, 374, 375, 380, 382, 391, 392, 393, 394, 396, 398, 399, 400, 401, 402, 404, 406, 416, 419, 420, 421, 422, 423, 425, 426, 427, 428, 431, 437, 438, 439, 440, 442, 444, 445, 446, 447, 448, 449, 452, 453, 454, 455, 456, 458, 459, 460, 461, 462, 464, 465, 466, 467, 468, 480, 481, 482, 483, 484, 485, 486, 487, 488, 489, 490, 491, 493, 494, 497, 498, 499, 500, 501, 503, 504, 505, 506, 507, 508, 511, 512, 513, 514, 515, 518, 519, 521, 522, 523, 524, 525, 528, 529, 531, 533, 534, 535, 538, 539, 541, 542, 545, 546, 548, 549, 550, 551, 552, 553, 554, 557, 559, 560, 562, 563, 564, 565, 566, 567, 568], "excluded_lines": [], "functions": {"cleanup_conversation": {"executed_lines": [45, 46, 49, 61, 69, 70, 71, 72, 75, 83, 87, 88, 94, 95, 96, 97], "summary": {"covered_lines": 16, "num_statements": 146, "percent_covered": 10.95890410958904, "percent_covered_display": "11", "missing_lines": 130, "excluded_lines": 0, "percent_statements_covered": 10.95890410958904, "percent_statements_covered_display": "11"}, "missing_lines": [50, 51, 52, 53, 55, 56, 57, 58, 62, 63, 64, 65, 66, 77, 78, 79, 80, 81, 90, 91, 92, 100, 101, 102, 105, 106, 107, 110, 111, 112, 113, 114, 115, 117, 118, 119, 122, 123, 124, 125, 126, 129, 130, 131, 132, 133, 134, 135, 138, 139, 142, 143, 145, 146, 147, 150, 153, 154, 155, 156, 157, 158, 159, 160, 161, 163, 164, 167, 169, 170, 171, 172, 173, 174, 175, 178, 179, 181, 182, 183, 184, 186, 188, 191, 193, 195, 196, 199, 200, 202, 203, 205, 206, 209, 210, 211, 212, 214, 215, 216, 217, 219, 220, 221, 222, 225, 226, 227, 231, 233, 234, 237, 238, 239, 240, 242, 243, 244, 245, 248, 250, 251, 252, 253, 254, 256, 257, 258, 259, 260], "excluded_lines": []}, "_find_session_by_claude_id": {"executed_lines": [], "summary": {"covered_lines": 0, "num_statements": 6, "percent_covered": 0.0, "percent_covered_display": "0", "missing_lines": 6, "excluded_lines": 0, "percent_statements_covered": 0.0, "percent_statements_covered_display": "0"}, "missing_lines": [273, 274, 275, 276, 277, 278], "excluded_lines": []}, "_find_conversation_file": {"executed_lines": [290, 291, 292, 295, 296, 297, 298, 299], "summary": {"covered_lines": 8, "num_statements": 9, "percent_covered": 88.88888888888889, "percent_covered_display": "89", "missing_lines": 1, "excluded_lines": 0, "percent_statements_covered": 88.88888888888889, "percent_statements_covered_display": "89"}, "missing_lines": [301], "excluded_lines": []}, "_extract_message_time": {"executed_lines": [314, 316, 318, 319, 321, 322, 324, 326, 327, 331], "summary": {"covered_lines": 10, "num_statements": 12, "percent_covered": 83.33333333333333, "percent_covered_display": "83", "missing_lines": 2, "excluded_lines": 0, "percent_statements_covered": 83.33333333333333, "percent_statements_covered_display": "83"}, "missing_lines": [328, 329], "excluded_lines": []}, "_format_size": {"executed_lines": [343, 344, 345, 346], "summary": {"covered_lines": 4, "num_statements": 5, "percent_covered": 80.0, "percent_covered_display": "80", "missing_lines": 1, "excluded_lines": 0, "percent_statements_covered": 80.0, "percent_statements_covered_display": "80"}, "missing_lines": [347], "excluded_lines": []}, "_cleanup_old_backups": {"executed_lines": [], "summary": {"covered_lines": 0, "num_statements": 12, "percent_covered": 0.0, "percent_covered_display": "0", "missing_lines": 12, "excluded_lines": 0, "percent_statements_covered": 0.0, "percent_statements_covered_display": "0"}, "missing_lines": [357, 359, 366, 367, 369, 370, 371, 372, 374, 375, 380, 382], "excluded_lines": []}, "_display_backup_summary": {"executed_lines": [], "summary": {"covered_lines": 0, "num_statements": 12, "percent_covered": 0.0, "percent_covered_display": "0", "missing_lines": 12, "excluded_lines": 0, "percent_statements_covered": 0.0, "percent_statements_covered_display": "0"}, "missing_lines": [391, 392, 393, 394, 396, 398, 399, 400, 401, 402, 404, 406], "excluded_lines": []}, "_list_backups": {"executed_lines": [], "summary": {"covered_lines": 0, "num_statements": 37, "percent_covered": 0.0, "percent_covered_display": "0", "missing_lines": 37, "excluded_lines": 0, "percent_statements_covered": 0.0, "percent_statements_covered_display": "0"}, "missing_lines": [416, 419, 420, 421, 422, 423, 425, 426, 427, 428, 431, 437, 438, 439, 440, 442, 444, 445, 446, 447, 448, 449, 452, 453, 454, 455, 456, 458, 459, 460, 461, 462, 464, 465, 466, 467, 468], "excluded_lines": []}, "_restore_backup": {"executed_lines": [], "summary": {"covered_lines": 0, "num_statements": 66, "percent_covered": 0.0, "percent_covered_display": "0", "missing_lines": 66, "excluded_lines": 0, "percent_statements_covered": 0.0, "percent_statements_covered_display": "0"}, "missing_lines": [480, 481, 482, 483, 484, 485, 486, 487, 488, 489, 490, 491, 493, 494, 497, 498, 499, 500, 501, 503, 504, 505, 506, 507, 508, 511, 512, 513, 514, 515, 518, 519, 521, 522, 523, 524, 525, 528, 529, 531, 533, 534, 535, 538, 539, 541, 542, 545, 546, 548, 549, 550, 551, 552, 553, 554, 557, 559, 560, 562, 563, 564, 565, 566, 567, 568], "excluded_lines": []}, "": {"executed_lines": [1, 3, 4, 5, 6, 7, 8, 10, 11, 13, 14, 15, 16, 17, 19, 22, 23, 263, 281, 304, 334, 350, 385, 409, 471], "summary": {"covered_lines": 24, "num_statements": 24, "percent_covered": 100.0, "percent_covered_display": "100", "missing_lines": 0, "excluded_lines": 0, "percent_statements_covered": 100.0, "percent_statements_covered_display": "100"}, "missing_lines": [], "excluded_lines": []}}, "classes": {"": {"executed_lines": [1, 3, 4, 5, 6, 7, 8, 10, 11, 13, 14, 15, 16, 17, 19, 22, 23, 45, 46, 49, 61, 69, 70, 71, 72, 75, 83, 87, 88, 94, 95, 96, 97, 263, 281, 290, 291, 292, 295, 296, 297, 298, 299, 304, 314, 316, 318, 319, 321, 322, 324, 326, 327, 331, 334, 343, 344, 345, 346, 350, 385, 409, 471], "summary": {"covered_lines": 62, "num_statements": 329, "percent_covered": 18.84498480243161, "percent_covered_display": "19", "missing_lines": 267, "excluded_lines": 0, "percent_statements_covered": 18.84498480243161, "percent_statements_covered_display": "19"}, "missing_lines": [50, 51, 52, 53, 55, 56, 57, 58, 62, 63, 64, 65, 66, 77, 78, 79, 80, 81, 90, 91, 92, 100, 101, 102, 105, 106, 107, 110, 111, 112, 113, 114, 115, 117, 118, 119, 122, 123, 124, 125, 126, 129, 130, 131, 132, 133, 134, 135, 138, 139, 142, 143, 145, 146, 147, 150, 153, 154, 155, 156, 157, 158, 159, 160, 161, 163, 164, 167, 169, 170, 171, 172, 173, 174, 175, 178, 179, 181, 182, 183, 184, 186, 188, 191, 193, 195, 196, 199, 200, 202, 203, 205, 206, 209, 210, 211, 212, 214, 215, 216, 217, 219, 220, 221, 222, 225, 226, 227, 231, 233, 234, 237, 238, 239, 240, 242, 243, 244, 245, 248, 250, 251, 252, 253, 254, 256, 257, 258, 259, 260, 273, 274, 275, 276, 277, 278, 301, 328, 329, 347, 357, 359, 366, 367, 369, 370, 371, 372, 374, 375, 380, 382, 391, 392, 393, 394, 396, 398, 399, 400, 401, 402, 404, 406, 416, 419, 420, 421, 422, 423, 425, 426, 427, 428, 431, 437, 438, 439, 440, 442, 444, 445, 446, 447, 448, 449, 452, 453, 454, 455, 456, 458, 459, 460, 461, 462, 464, 465, 466, 467, 468, 480, 481, 482, 483, 484, 485, 486, 487, 488, 489, 490, 491, 493, 494, 497, 498, 499, 500, 501, 503, 504, 505, 506, 507, 508, 511, 512, 513, 514, 515, 518, 519, 521, 522, 523, 524, 525, 528, 529, 531, 533, 534, 535, 538, 539, 541, 542, 545, 546, 548, 549, 550, 551, 552, 553, 554, 557, 559, 560, 562, 563, 564, 565, 566, 567, 568], "excluded_lines": []}}}, "devflow/cli/commands/cleanup_sessions_command.py": {"executed_lines": [1, 3, 4, 6, 7, 8, 10, 11, 12, 13, 15, 18, 19, 30, 31, 32, 34, 37, 38, 39, 40, 43, 44, 46, 47, 50, 51, 52, 55, 59, 63, 64, 66, 68, 69, 70, 71, 74, 76, 77, 78, 79, 80, 82, 83, 84, 85, 92, 93, 95, 96, 97, 98, 99, 100, 101, 104, 105, 106, 107, 108, 109, 111, 112, 113, 116, 118, 119, 120, 122, 123, 124, 126, 129, 131, 132, 136, 137, 138, 139, 140], "summary": {"covered_lines": 80, "num_statements": 82, "percent_covered": 97.5609756097561, "percent_covered_display": "98", "missing_lines": 2, "excluded_lines": 0, "percent_statements_covered": 97.5609756097561, "percent_statements_covered_display": "98"}, "missing_lines": [56, 60], "excluded_lines": [], "functions": {"cleanup_sessions": {"executed_lines": [30, 31, 32, 34, 37, 38, 39, 40, 43, 44, 46, 47, 50, 51, 52, 55, 59, 63, 64, 66, 68, 69, 70, 71, 74, 76, 77, 78, 79, 80, 82, 83, 84, 85, 92, 93, 95, 96, 97, 98, 99, 100, 101, 104, 105, 106, 107, 108, 109, 111, 112, 113, 116, 118, 119, 120, 122, 123, 124, 126, 129, 131, 132, 136, 137, 138, 139, 140], "summary": {"covered_lines": 68, "num_statements": 70, "percent_covered": 97.14285714285714, "percent_covered_display": "97", "missing_lines": 2, "excluded_lines": 0, "percent_statements_covered": 97.14285714285714, "percent_statements_covered_display": "97"}, "missing_lines": [56, 60], "excluded_lines": []}, "": {"executed_lines": [1, 3, 4, 6, 7, 8, 10, 11, 12, 13, 15, 18, 19], "summary": {"covered_lines": 12, "num_statements": 12, "percent_covered": 100.0, "percent_covered_display": "100", "missing_lines": 0, "excluded_lines": 0, "percent_statements_covered": 100.0, "percent_statements_covered_display": "100"}, "missing_lines": [], "excluded_lines": []}}, "classes": {"": {"executed_lines": [1, 3, 4, 6, 7, 8, 10, 11, 12, 13, 15, 18, 19, 30, 31, 32, 34, 37, 38, 39, 40, 43, 44, 46, 47, 50, 51, 52, 55, 59, 63, 64, 66, 68, 69, 70, 71, 74, 76, 77, 78, 79, 80, 82, 83, 84, 85, 92, 93, 95, 96, 97, 98, 99, 100, 101, 104, 105, 106, 107, 108, 109, 111, 112, 113, 116, 118, 119, 120, 122, 123, 124, 126, 129, 131, 132, 136, 137, 138, 139, 140], "summary": {"covered_lines": 80, "num_statements": 82, "percent_covered": 97.5609756097561, "percent_covered_display": "98", "missing_lines": 2, "excluded_lines": 0, "percent_statements_covered": 97.5609756097561, "percent_statements_covered_display": "98"}, "missing_lines": [56, 60], "excluded_lines": []}}}, "devflow/cli/commands/complete_command.py": {"executed_lines": [1, 3, 4, 5, 6, 7, 9, 10, 12, 13, 14, 15, 16, 17, 18, 19, 20, 21, 22, 23, 25, 28, 29, 49, 50, 53, 55, 57, 58, 59, 60, 63, 66, 67, 68, 69, 70, 71, 72, 73, 74, 76, 77, 78, 81, 82, 83, 84, 87, 88, 89, 92, 93, 96, 99, 103, 104, 105, 106, 108, 110, 111, 112, 115, 117, 118, 119, 120, 121, 122, 123, 126, 127, 128, 130, 131, 132, 133, 134, 137, 138, 141, 144, 145, 148, 151, 152, 153, 157, 161, 162, 163, 164, 165, 166, 168, 169, 172, 173, 176, 177, 178, 179, 181, 183, 185, 186, 187, 190, 191, 200, 202, 203, 208, 214, 215, 216, 220, 222, 223, 224, 225, 226, 228, 230, 231, 232, 233, 238, 246, 247, 248, 251, 252, 260, 263, 267, 269, 271, 273, 274, 277, 279, 280, 283, 288, 290, 299, 300, 301, 328, 329, 331, 332, 335, 336, 337, 340, 342, 343, 346, 351, 354, 356, 363, 365, 366, 369, 374, 376, 377, 379, 381, 384, 385, 386, 388, 393, 394, 396, 399, 411, 413, 414, 417, 418, 419, 420, 423, 424, 429, 431, 437, 438, 439, 441, 442, 443, 445, 448, 449, 451, 452, 453, 454, 455, 456, 459, 462, 471, 472, 474, 475, 478, 489, 492, 495, 496, 499, 500, 501, 560, 568, 569, 570, 572, 573, 576, 577, 581, 582, 583, 587, 592, 593, 596, 597, 599, 600, 606, 607, 608, 609, 612, 614, 615, 617, 618, 619, 622, 652, 658, 660, 661, 663, 664, 667, 680, 682, 684, 686, 714, 717, 725, 726, 728, 729, 730, 732, 733, 741, 747, 748, 749, 750, 752, 754, 755, 756, 758, 759, 762, 763, 768, 771, 783, 784, 785, 787, 788, 790, 791, 792, 793, 796, 797, 806, 809, 810, 811, 812, 857, 982, 993, 994, 1001, 1002, 1003, 1004, 1005, 1010, 1012, 1018, 1032, 1033, 1034, 1036, 1037, 1038, 1043, 1045, 1046, 1047, 1048, 1049, 1052, 1058, 1070, 1071, 1073, 1074, 1076, 1078, 1079, 1081, 1087, 1101, 1104, 1110, 1115, 1119, 1122, 1123, 1128, 1129, 1130, 1135, 1136, 1137, 1138, 1139, 1142, 1146, 1149, 1198, 1249, 1265, 1268, 1350, 1442, 1455, 1458, 1459, 1460, 1461, 1463, 1465, 1468, 1469, 1471, 1472, 1474, 1475, 1476, 1528, 1617, 1637, 1638, 1644, 1645, 1646, 1647, 1648, 1649, 1658, 1659, 1661, 1663, 1664, 1665, 1666, 1669, 1670, 1671, 1672, 1675, 1678, 1679, 1680, 1682, 1690, 1692, 1693, 1694, 1710, 1730, 1731, 1737, 1738, 1739, 1740, 1741, 1742, 1751, 1752, 1754, 1756, 1757, 1758, 1759, 1762, 1764, 1765, 1766, 1769, 1772, 1773, 1774, 1776, 1784, 1787, 1788, 1789, 1790, 1791, 1792, 1794, 1795, 1796, 1816, 1829, 1832, 1833, 1834, 1835, 1838, 1839, 1840, 1843, 1844, 1847, 1850, 1851, 1852, 1853, 1854, 1856, 1857, 1858, 1860, 1863, 1864, 1865, 1869, 1871, 1872, 1873, 1876, 1879, 1880, 1883, 1884, 1886, 1887, 1888, 1889, 1911, 1914, 1916, 1920, 1923, 1926, 1989, 2054, 2111, 2216, 2328, 2337, 2338, 2339, 2341, 2344, 2345, 2346, 2347, 2351, 2354, 2356, 2358, 2361, 2364, 2367, 2368, 2369, 2372, 2393, 2394, 2395, 2396, 2397, 2398, 2399, 2400, 2401, 2402, 2403, 2404, 2405, 2406, 2407, 2408, 2409, 2410, 2411, 2412, 2413, 2414, 2415, 2416, 2417, 2418, 2419, 2420, 2421, 2422, 2423, 2424, 2425, 2426, 2427, 2428, 2429, 2430, 2431, 2445], "summary": {"covered_lines": 544, "num_statements": 1191, "percent_covered": 45.67590260285474, "percent_covered_display": "46", "missing_lines": 647, "excluded_lines": 0, "percent_statements_covered": 45.67590260285474, "percent_statements_covered_display": "46"}, "missing_lines": [142, 174, 175, 192, 193, 194, 196, 197, 205, 235, 236, 240, 242, 254, 255, 281, 282, 284, 285, 286, 291, 292, 293, 295, 297, 304, 305, 306, 307, 308, 309, 310, 311, 312, 313, 315, 317, 318, 321, 322, 324, 333, 334, 338, 347, 349, 367, 368, 370, 371, 372, 432, 434, 493, 503, 506, 507, 508, 509, 510, 511, 513, 514, 517, 523, 524, 526, 527, 530, 531, 532, 535, 536, 537, 538, 539, 541, 543, 544, 545, 546, 548, 549, 552, 553, 554, 556, 557, 578, 579, 627, 631, 632, 634, 649, 650, 653, 654, 655, 656, 657, 659, 688, 696, 697, 698, 700, 701, 702, 703, 704, 705, 707, 709, 734, 735, 736, 737, 739, 757, 761, 764, 766, 799, 800, 801, 802, 803, 815, 818, 821, 822, 823, 824, 826, 829, 830, 833, 834, 837, 838, 840, 843, 846, 847, 849, 850, 853, 854, 869, 871, 872, 873, 875, 878, 879, 880, 881, 884, 887, 888, 890, 891, 892, 893, 894, 896, 898, 899, 900, 901, 903, 904, 906, 909, 912, 915, 918, 921, 923, 924, 926, 927, 928, 929, 930, 932, 933, 936, 937, 940, 941, 942, 943, 944, 945, 946, 948, 949, 951, 954, 955, 956, 957, 958, 959, 960, 961, 962, 963, 964, 965, 966, 967, 968, 969, 970, 973, 975, 976, 977, 979, 1008, 1013, 1015, 1054, 1055, 1083, 1084, 1105, 1116, 1117, 1124, 1125, 1131, 1132, 1158, 1161, 1163, 1164, 1165, 1167, 1170, 1171, 1172, 1175, 1178, 1179, 1182, 1189, 1190, 1191, 1192, 1194, 1195, 1219, 1220, 1223, 1224, 1227, 1228, 1232, 1233, 1234, 1235, 1237, 1239, 1240, 1241, 1242, 1243, 1244, 1245, 1246, 1280, 1283, 1284, 1287, 1288, 1289, 1290, 1291, 1292, 1293, 1296, 1297, 1298, 1300, 1301, 1304, 1305, 1306, 1308, 1316, 1318, 1321, 1322, 1323, 1324, 1325, 1328, 1331, 1332, 1334, 1336, 1347, 1363, 1365, 1366, 1367, 1370, 1371, 1372, 1375, 1376, 1377, 1378, 1379, 1380, 1383, 1385, 1386, 1388, 1389, 1390, 1391, 1392, 1394, 1395, 1396, 1398, 1399, 1401, 1404, 1417, 1425, 1426, 1428, 1429, 1430, 1432, 1434, 1436, 1437, 1438, 1439, 1479, 1481, 1484, 1485, 1486, 1487, 1488, 1489, 1490, 1491, 1492, 1493, 1495, 1499, 1500, 1502, 1503, 1504, 1505, 1507, 1509, 1510, 1513, 1516, 1517, 1518, 1519, 1522, 1523, 1525, 1539, 1541, 1542, 1543, 1544, 1546, 1547, 1548, 1551, 1552, 1553, 1556, 1557, 1558, 1559, 1560, 1561, 1564, 1566, 1567, 1569, 1570, 1571, 1572, 1573, 1575, 1576, 1577, 1579, 1580, 1582, 1585, 1586, 1605, 1606, 1607, 1608, 1610, 1612, 1613, 1614, 1639, 1640, 1641, 1642, 1650, 1651, 1652, 1654, 1673, 1696, 1697, 1699, 1700, 1701, 1702, 1703, 1704, 1705, 1706, 1707, 1732, 1733, 1734, 1735, 1743, 1744, 1745, 1747, 1767, 1798, 1799, 1800, 1802, 1803, 1805, 1806, 1807, 1808, 1809, 1810, 1811, 1812, 1813, 1891, 1892, 1894, 1896, 1897, 1900, 1901, 1902, 1904, 1905, 1906, 1907, 1908, 1915, 1917, 1921, 1936, 1939, 1940, 1941, 1944, 1962, 1970, 1971, 1973, 1974, 1975, 1976, 1977, 1978, 1980, 1982, 1984, 1985, 1986, 1999, 2000, 2001, 2003, 2004, 2005, 2008, 2009, 2010, 2012, 2014, 2038, 2039, 2041, 2042, 2043, 2044, 2045, 2046, 2048, 2050, 2051, 2067, 2069, 2070, 2073, 2089, 2098, 2099, 2100, 2102, 2104, 2106, 2107, 2108, 2120, 2122, 2123, 2125, 2126, 2129, 2132, 2134, 2135, 2137, 2138, 2139, 2141, 2142, 2143, 2145, 2146, 2147, 2149, 2150, 2152, 2155, 2185, 2193, 2194, 2197, 2198, 2199, 2200, 2201, 2203, 2204, 2206, 2208, 2210, 2211, 2212, 2213, 2225, 2226, 2227, 2230, 2231, 2235, 2236, 2238, 2239, 2240, 2243, 2246, 2249, 2251, 2252, 2254, 2255, 2256, 2258, 2259, 2260, 2262, 2264, 2265, 2267, 2269, 2271, 2274, 2311, 2314, 2315, 2317, 2318, 2319, 2321, 2323, 2324, 2325, 2342, 2343, 2349, 2352, 2373, 2374, 2375, 2377, 2378, 2380, 2381, 2382, 2384, 2385, 2386, 2387, 2388, 2389, 2390, 2433, 2434, 2435, 2436, 2437, 2438, 2439, 2440, 2441, 2442, 2451, 2452, 2454, 2455, 2457, 2458, 2459, 2460, 2461, 2462, 2463, 2464], "excluded_lines": [], "functions": {"complete_session": {"executed_lines": [49, 50, 53, 55, 57, 58, 59, 60, 63, 66, 67, 68, 69, 70, 71, 72, 73, 74, 76, 77, 78, 81, 82, 83, 84, 87, 88, 89, 92, 93, 96, 99, 103, 104, 105, 106, 108, 110, 111, 112, 115, 117, 118, 119, 120, 121, 122, 123, 126, 127, 128, 130, 131, 132, 133, 134, 137, 138, 141, 144, 145, 148, 151, 152, 153, 157, 161, 162, 163, 164, 165, 166, 168, 169, 172, 173, 176, 177, 178, 179, 181, 183, 185, 186, 187, 190, 191, 200, 202, 203, 208, 214, 215, 216, 220, 222, 223, 224, 225, 226, 228, 230, 231, 232, 233, 238, 246, 247, 248, 251, 252, 260, 263, 267, 269, 271, 273, 274, 277, 279, 280, 283, 288, 290, 299, 300, 301, 328, 329, 331, 332, 335, 336, 337, 340, 342, 343, 346, 351, 354, 356, 363, 365, 366, 369, 374, 376, 377, 379, 381, 384, 385, 386, 388, 393, 394, 396], "summary": {"covered_lines": 157, "num_statements": 208, "percent_covered": 75.48076923076923, "percent_covered_display": "75", "missing_lines": 51, "excluded_lines": 0, "percent_statements_covered": 75.48076923076923, "percent_statements_covered_display": "75"}, "missing_lines": [142, 174, 175, 192, 193, 194, 196, 197, 205, 235, 236, 240, 242, 254, 255, 281, 282, 284, 285, 286, 291, 292, 293, 295, 297, 304, 305, 306, 307, 308, 309, 310, 311, 312, 313, 315, 317, 318, 321, 322, 324, 333, 334, 338, 347, 349, 367, 368, 370, 371, 372], "excluded_lines": []}, "_add_session_summary_to_jira": {"executed_lines": [411, 413, 414, 417, 418, 419, 420, 423, 424, 429, 431, 437, 438, 439, 441, 442, 443, 445, 448, 449, 451, 452, 453, 454, 455, 456, 459, 462, 471, 472, 474, 475], "summary": {"covered_lines": 32, "num_statements": 34, "percent_covered": 94.11764705882354, "percent_covered_display": "94", "missing_lines": 2, "excluded_lines": 0, "percent_statements_covered": 94.11764705882354, "percent_statements_covered_display": "94"}, "missing_lines": [432, 434], "excluded_lines": []}, "_sync_branch_for_export": {"executed_lines": [489, 492, 495, 496, 499, 500, 501], "summary": {"covered_lines": 7, "num_statements": 42, "percent_covered": 16.666666666666668, "percent_covered_display": "17", "missing_lines": 35, "excluded_lines": 0, "percent_statements_covered": 16.666666666666668, "percent_statements_covered_display": "17"}, "missing_lines": [493, 503, 506, 507, 508, 509, 510, 511, 513, 514, 517, 523, 524, 526, 527, 530, 531, 532, 535, 536, 537, 538, 539, 541, 543, 544, 545, 546, 548, 549, 552, 553, 554, 556, 557], "excluded_lines": []}, "_export_and_attach_to_issue": {"executed_lines": [568, 569, 570, 572, 573, 576, 577, 581, 582, 583, 587, 592, 593, 596, 597, 599, 600, 606, 607, 608, 609, 612, 614, 615, 617, 618, 619, 622, 652, 658, 660, 661, 663, 664], "summary": {"covered_lines": 34, "num_statements": 48, "percent_covered": 70.83333333333333, "percent_covered_display": "71", "missing_lines": 14, "excluded_lines": 0, "percent_statements_covered": 70.83333333333333, "percent_statements_covered_display": "71"}, "missing_lines": [578, 579, 627, 631, 632, 634, 649, 650, 653, 654, 655, 656, 657, 659], "excluded_lines": []}, "_get_pr_for_branch": {"executed_lines": [680, 682, 684, 686, 714, 717, 725, 726, 728, 729, 730, 732, 733, 741, 747, 748, 749, 750, 752, 754, 755, 756, 758, 759, 762, 763, 768], "summary": {"covered_lines": 27, "num_statements": 48, "percent_covered": 56.25, "percent_covered_display": "56", "missing_lines": 21, "excluded_lines": 0, "percent_statements_covered": 56.25, "percent_statements_covered_display": "56"}, "missing_lines": [688, 696, 697, 698, 700, 701, 702, 703, 704, 705, 707, 709, 734, 735, 736, 737, 739, 757, 761, 764, 766], "excluded_lines": []}, "_select_target_branch": {"executed_lines": [783, 784, 785, 787, 788, 790, 791, 792, 793, 796, 797, 806, 809, 810, 811, 812], "summary": {"covered_lines": 16, "num_statements": 42, "percent_covered": 38.095238095238095, "percent_covered_display": "38", "missing_lines": 26, "excluded_lines": 0, "percent_statements_covered": 38.095238095238095, "percent_statements_covered_display": "38"}, "missing_lines": [799, 800, 801, 802, 803, 815, 818, 821, 822, 823, 824, 826, 829, 830, 833, 834, 837, 838, 840, 843, 846, 847, 849, 850, 853, 854], "excluded_lines": []}, "_create_pr_mr": {"executed_lines": [], "summary": {"covered_lines": 0, "num_statements": 73, "percent_covered": 0.0, "percent_covered_display": "0", "missing_lines": 73, "excluded_lines": 0, "percent_statements_covered": 0.0, "percent_statements_covered_display": "0"}, "missing_lines": [869, 871, 872, 873, 875, 878, 879, 880, 881, 884, 887, 888, 890, 891, 892, 893, 894, 896, 898, 899, 900, 901, 903, 904, 906, 909, 912, 915, 918, 921, 923, 924, 926, 927, 928, 929, 930, 932, 933, 936, 937, 940, 941, 942, 943, 944, 945, 946, 948, 949, 951, 954, 955, 956, 957, 958, 959, 960, 961, 962, 963, 964, 965, 966, 967, 968, 969, 970, 973, 975, 976, 977, 979], "excluded_lines": []}, "_fetch_github_with_gh_cli": {"executed_lines": [993, 994, 1001, 1002, 1003, 1004, 1005, 1010, 1012], "summary": {"covered_lines": 9, "num_statements": 12, "percent_covered": 75.0, "percent_covered_display": "75", "missing_lines": 3, "excluded_lines": 0, "percent_statements_covered": 75.0, "percent_statements_covered_display": "75"}, "missing_lines": [1008, 1013, 1015], "excluded_lines": []}, "_fetch_github_with_api": {"executed_lines": [1032, 1033, 1034, 1036, 1037, 1038, 1043, 1045, 1046, 1047, 1048, 1049, 1052], "summary": {"covered_lines": 13, "num_statements": 15, "percent_covered": 86.66666666666667, "percent_covered_display": "87", "missing_lines": 2, "excluded_lines": 0, "percent_statements_covered": 86.66666666666667, "percent_statements_covered_display": "87"}, "missing_lines": [1054, 1055], "excluded_lines": []}, "_fetch_github_raw": {"executed_lines": [1070, 1071, 1073, 1074, 1076, 1078, 1079, 1081], "summary": {"covered_lines": 8, "num_statements": 10, "percent_covered": 80.0, "percent_covered_display": "80", "missing_lines": 2, "excluded_lines": 0, "percent_statements_covered": 80.0, "percent_statements_covered_display": "80"}, "missing_lines": [1083, 1084], "excluded_lines": []}, "_fetch_github_template": {"executed_lines": [1101, 1104, 1110, 1115, 1119, 1122, 1123, 1128, 1129, 1130, 1135, 1136, 1137, 1138, 1139, 1142, 1146], "summary": {"covered_lines": 17, "num_statements": 24, "percent_covered": 70.83333333333333, "percent_covered_display": "71", "missing_lines": 7, "excluded_lines": 0, "percent_statements_covered": 70.83333333333333, "percent_statements_covered_display": "71"}, "missing_lines": [1105, 1116, 1117, 1124, 1125, 1131, 1132], "excluded_lines": []}, "_fetch_gitlab_template": {"executed_lines": [], "summary": {"covered_lines": 0, "num_statements": 19, "percent_covered": 0.0, "percent_covered_display": "0", "missing_lines": 19, "excluded_lines": 0, "percent_statements_covered": 0.0, "percent_statements_covered_display": "0"}, "missing_lines": [1158, 1161, 1163, 1164, 1165, 1167, 1170, 1171, 1172, 1175, 1178, 1179, 1182, 1189, 1190, 1191, 1192, 1194, 1195], "excluded_lines": []}, "_fetch_pr_template": {"executed_lines": [], "summary": {"covered_lines": 0, "num_statements": 19, "percent_covered": 0.0, "percent_covered_display": "0", "missing_lines": 19, "excluded_lines": 0, "percent_statements_covered": 0.0, "percent_statements_covered_display": "0"}, "missing_lines": [1219, 1220, 1223, 1224, 1227, 1228, 1232, 1233, 1234, 1235, 1237, 1239, 1240, 1241, 1242, 1243, 1244, 1245, 1246], "excluded_lines": []}, "_fill_pr_template": {"executed_lines": [1265], "summary": {"covered_lines": 1, "num_statements": 1, "percent_covered": 100.0, "percent_covered_display": "100", "missing_lines": 0, "excluded_lines": 0, "percent_statements_covered": 100.0, "percent_statements_covered_display": "100"}, "missing_lines": [], "excluded_lines": []}, "_generate_pr_description": {"executed_lines": [], "summary": {"covered_lines": 0, "num_statements": 32, "percent_covered": 0.0, "percent_covered_display": "0", "missing_lines": 32, "excluded_lines": 0, "percent_statements_covered": 0.0, "percent_statements_covered_display": "0"}, "missing_lines": [1280, 1283, 1284, 1287, 1288, 1289, 1290, 1291, 1292, 1293, 1296, 1297, 1298, 1300, 1301, 1304, 1305, 1306, 1308, 1316, 1318, 1321, 1322, 1323, 1324, 1325, 1328, 1331, 1332, 1334, 1336, 1347], "excluded_lines": []}, "_generate_pr_summary_bullets": {"executed_lines": [], "summary": {"covered_lines": 0, "num_statements": 40, "percent_covered": 0.0, "percent_covered_display": "0", "missing_lines": 40, "excluded_lines": 0, "percent_statements_covered": 0.0, "percent_statements_covered_display": "0"}, "missing_lines": [1363, 1365, 1366, 1367, 1370, 1371, 1372, 1375, 1376, 1377, 1378, 1379, 1380, 1383, 1385, 1386, 1388, 1389, 1390, 1391, 1392, 1394, 1395, 1396, 1398, 1399, 1401, 1404, 1417, 1425, 1426, 1428, 1429, 1430, 1432, 1434, 1436, 1437, 1438, 1439], "excluded_lines": []}, "_generate_pr_title": {"executed_lines": [1455, 1458, 1459, 1460, 1461, 1463, 1465, 1468, 1469, 1471, 1472, 1474, 1475, 1476], "summary": {"covered_lines": 14, "num_statements": 44, "percent_covered": 31.818181818181817, "percent_covered_display": "32", "missing_lines": 30, "excluded_lines": 0, "percent_statements_covered": 31.818181818181817, "percent_statements_covered_display": "32"}, "missing_lines": [1479, 1481, 1484, 1485, 1486, 1487, 1488, 1489, 1490, 1491, 1492, 1493, 1495, 1499, 1500, 1502, 1503, 1504, 1505, 1507, 1509, 1510, 1513, 1516, 1517, 1518, 1519, 1522, 1523, 1525], "excluded_lines": []}, "_generate_pr_summary_with_api": {"executed_lines": [], "summary": {"covered_lines": 0, "num_statements": 41, "percent_covered": 0.0, "percent_covered_display": "0", "missing_lines": 41, "excluded_lines": 0, "percent_statements_covered": 0.0, "percent_statements_covered_display": "0"}, "missing_lines": [1539, 1541, 1542, 1543, 1544, 1546, 1547, 1548, 1551, 1552, 1553, 1556, 1557, 1558, 1559, 1560, 1561, 1564, 1566, 1567, 1569, 1570, 1571, 1572, 1573, 1575, 1576, 1577, 1579, 1580, 1582, 1585, 1586, 1605, 1606, 1607, 1608, 1610, 1612, 1613, 1614], "excluded_lines": []}, "_create_github_pr": {"executed_lines": [1637, 1638, 1644, 1645, 1646, 1647, 1648, 1649
[...]
hical_skills": {"executed_lines": [], "summary": {"covered_lines": 0, "num_statements": 133, "percent_covered": 0.0, "percent_covered_display": "0", "missing_lines": 133, "excluded_lines": 0, "percent_statements_covered": 0.0, "percent_statements_covered_display": "0"}, "missing_lines": [315, 316, 318, 319, 322, 329, 330, 331, 335, 338, 339, 340, 342, 343, 344, 345, 346, 347, 348, 349, 350, 352, 354, 355, 358, 359, 360, 361, 362, 364, 365, 366, 367, 368, 369, 370, 371, 372, 373, 374, 377, 381, 382, 383, 385, 389, 391, 395, 396, 397, 398, 399, 400, 401, 402, 403, 404, 405, 408, 409, 410, 412, 414, 417, 418, 420, 422, 423, 424, 425, 427, 429, 430, 432, 435, 437, 438, 440, 442, 443, 444, 445, 448, 449, 451, 452, 454, 455, 456, 462, 463, 464, 466, 467, 468, 469, 472, 473, 475, 478, 480, 481, 482, 483, 485, 487, 488, 489, 490, 491, 492, 494, 496, 499, 500, 502, 504, 505, 506, 507, 509, 511, 512, 514, 517, 519, 520, 522, 524, 525, 526, 527, 529], "excluded_lines": []}, "get_hierarchical_skill_statuses": {"executed_lines": [], "summary": {"covered_lines": 0, "num_statements": 17, "percent_covered": 0.0, "percent_covered_display": "0", "missing_lines": 17, "excluded_lines": 0, "percent_statements_covered": 0.0, "percent_statements_covered_display": "0"}, "missing_lines": [542, 544, 545, 547, 554, 556, 557, 558, 559, 561, 562, 563, 564, 565, 566, 568, 570], "excluded_lines": []}, "": {"executed_lines": [], "summary": {"covered_lines": 0, "num_statements": 11, "percent_covered": 0.0, "percent_covered_display": "0", "missing_lines": 11, "excluded_lines": 0, "percent_statements_covered": 0.0, "percent_statements_covered_display": "0"}, "missing_lines": [11, 12, 13, 14, 15, 17, 20, 69, 184, 293, 532], "excluded_lines": []}}, "classes": {"": {"executed_lines": [], "summary": {"covered_lines": 0, "num_statements": 267, "percent_covered": 0.0, "percent_covered_display": "0", "missing_lines": 267, "excluded_lines": 0, "percent_statements_covered": 0.0, "percent_statements_covered_display": "0"}, "missing_lines": [11, 12, 13, 14, 15, 17, 20, 34, 35, 37, 38, 39, 40, 41, 42, 45, 46, 49, 50, 51, 53, 57, 58, 59, 61, 63, 64, 66, 69, 94, 96, 97, 100, 101, 103, 104, 106, 108, 110, 111, 113, 114, 116, 118, 120, 123, 126, 131, 132, 135, 137, 138, 139, 142, 143, 145, 148, 150, 151, 153, 154, 155, 157, 159, 160, 164, 167, 168, 169, 170, 171, 172, 175, 184, 210, 212, 213, 215, 216, 218, 220, 222, 223, 225, 226, 228, 230, 234, 237, 240, 241, 243, 245, 246, 247, 250, 251, 253, 255, 256, 257, 259, 260, 261, 263, 265, 266, 270, 273, 274, 275, 276, 277, 278, 282, 293, 315, 316, 318, 319, 322, 329, 330, 331, 335, 338, 339, 340, 342, 343, 344, 345, 346, 347, 348, 349, 350, 352, 354, 355, 358, 359, 360, 361, 362, 364, 365, 366, 367, 368, 369, 370, 371, 372, 373, 374, 377, 381, 382, 383, 385, 389, 391, 395, 396, 397, 398, 399, 400, 401, 402, 403, 404, 405, 408, 409, 410, 412, 414, 417, 418, 420, 422, 423, 424, 425, 427, 429, 430, 432, 435, 437, 438, 440, 442, 443, 444, 445, 448, 449, 451, 452, 454, 455, 456, 462, 463, 464, 466, 467, 468, 469, 472, 473, 475, 478, 480, 481, 482, 483, 485, 487, 488, 489, 490, 491, 492, 494, 496, 499, 500, 502, 504, 505, 506, 507, 509, 511, 512, 514, 517, 519, 520, 522, 524, 525, 526, 527, 529, 532, 542, 544, 545, 547, 554, 556, 557, 558, 559, 561, 562, 563, 564, 565, 566, 568, 570], "excluded_lines": []}}}, "devflow/utils/paths.py": {"executed_lines": [1, 3, 4, 7, 32, 33, 34, 37, 40, 48], "summary": {"covered_lines": 9, "num_statements": 9, "percent_covered": 100.0, "percent_covered_display": "100", "missing_lines": 0, "excluded_lines": 0, "percent_statements_covered": 100.0, "percent_statements_covered_display": "100"}, "missing_lines": [], "excluded_lines": [], "functions": {"get_cs_home": {"executed_lines": [32, 33, 34, 37], "summary": {"covered_lines": 4, "num_statements": 4, "percent_covered": 100.0, "percent_covered_display": "100", "missing_lines": 0, "excluded_lines": 0, "percent_statements_covered": 100.0, "percent_statements_covered_display": "100"}, "missing_lines": [], "excluded_lines": []}, "is_mock_mode": {"executed_lines": [48], "summary": {"covered_lines": 1, "num_statements": 1, "percent_covered": 100.0, "percent_covered_display": "100", "missing_lines": 0, "excluded_lines": 0, "percent_statements_covered": 100.0, "percent_statements_covered_display": "100"}, "missing_lines": [], "excluded_lines": []}, "": {"executed_lines": [1, 3, 4, 7, 40], "summary": {"covered_lines": 4, "num_statements": 4, "percent_covered": 100.0, "percent_covered_display": "100", "missing_lines": 0, "excluded_lines": 0, "percent_statements_covered": 100.0, "percent_statements_covered_display": "100"}, "missing_lines": [], "excluded_lines": []}}, "classes": {"": {"executed_lines": [1, 3, 4, 7, 32, 33, 34, 37, 40, 48], "summary": {"covered_lines": 9, "num_statements": 9, "percent_covered": 100.0, "percent_covered_display": "100", "missing_lines": 0, "excluded_lines": 0, "percent_statements_covered": 100.0, "percent_statements_covered_display": "100"}, "missing_lines": [], "excluded_lines": []}}}, "devflow/utils/temp_directory.py": {"executed_lines": [1, 9, 10, 11, 12, 14, 16, 17, 20, 31, 34, 45, 49, 50, 53, 54, 55, 56, 57, 58, 60, 63, 64, 65, 66, 67, 68, 69, 72, 73, 75, 76, 77, 79, 80, 83, 86, 87, 88, 90, 91, 92, 95, 97, 98, 99, 100, 101, 104, 105, 108, 114, 115, 117, 118, 119, 120, 121, 122, 123, 124], "summary": {"covered_lines": 60, "num_statements": 63, "percent_covered": 95.23809523809524, "percent_covered_display": "95", "missing_lines": 3, "excluded_lines": 0, "percent_statements_covered": 95.23809523809524, "percent_statements_covered_display": "95"}, "missing_lines": [81, 82, 93], "excluded_lines": [], "functions": {"should_clone_to_temp": {"executed_lines": [31], "summary": {"covered_lines": 1, "num_statements": 1, "percent_covered": 100.0, "percent_covered_display": "100", "missing_lines": 0, "excluded_lines": 0, "percent_statements_covered": 100.0, "percent_statements_covered_display": "100"}, "missing_lines": [], "excluded_lines": []}, "prompt_and_clone_to_temp": {"executed_lines": [45, 49, 50, 53, 54, 55, 56, 57, 58, 60, 63, 64, 65, 66, 67, 68, 69, 72, 73, 75, 76, 77, 79, 80, 83, 86, 87, 88, 90, 91, 92, 95, 97, 98, 99, 100, 101, 104, 105], "summary": {"covered_lines": 39, "num_statements": 42, "percent_covered": 92.85714285714286, "percent_covered_display": "93", "missing_lines": 3, "excluded_lines": 0, "percent_statements_covered": 92.85714285714286, "percent_statements_covered_display": "93"}, "missing_lines": [81, 82, 93], "excluded_lines": []}, "cleanup_temp_directory": {"executed_lines": [114, 115, 117, 118, 119, 120, 121, 122, 123, 124], "summary": {"covered_lines": 10, "num_statements": 10, "percent_covered": 100.0, "percent_covered_display": "100", "missing_lines": 0, "excluded_lines": 0, "percent_statements_covered": 100.0, "percent_statements_covered_display": "100"}, "missing_lines": [], "excluded_lines": []}, "": {"executed_lines": [1, 9, 10, 11, 12, 14, 16, 17, 20, 34, 108], "summary": {"covered_lines": 10, "num_statements": 10, "percent_covered": 100.0, "percent_covered_display": "100", "missing_lines": 0, "excluded_lines": 0, "percent_statements_covered": 100.0, "percent_statements_covered_display": "100"}, "missing_lines": [], "excluded_lines": []}}, "classes": {"": {"executed_lines": [1, 9, 10, 11, 12, 14, 16, 17, 20, 31, 34, 45, 49, 50, 53, 54, 55, 56, 57, 58, 60, 63, 64, 65, 66, 67, 68, 69, 72, 73, 75, 76, 77, 79, 80, 83, 86, 87, 88, 90, 91, 92, 95, 97, 98, 99, 100, 101, 104, 105, 108, 114, 115, 117, 118, 119, 120, 121, 122, 123, 124], "summary": {"covered_lines": 60, "num_statements": 63, "percent_covered": 95.23809523809524, "percent_covered_display": "95", "missing_lines": 3, "excluded_lines": 0, "percent_statements_covered": 95.23809523809524, "percent_statements_covered_display": "95"}, "missing_lines": [81, 82, 93], "excluded_lines": []}}}, "devflow/utils/time_parser.py": {"executed_lines": [1, 3, 4, 5, 8, 32, 33, 37, 38, 39, 40, 43, 44, 45, 46, 49, 50, 52, 53, 55, 56, 58, 59, 63, 64, 65, 66, 68, 69, 70, 71, 72, 73, 74, 75, 78, 81, 109, 112, 113, 114, 119, 120, 123, 124, 125, 126, 127, 128, 129, 130, 132], "summary": {"covered_lines": 51, "num_statements": 51, "percent_covered": 100.0, "percent_covered_display": "100", "missing_lines": 0, "excluded_lines": 0, "percent_statements_covered": 100.0, "percent_statements_covered_display": "100"}, "missing_lines": [], "excluded_lines": [], "functions": {"parse_time_expression": {"executed_lines": [32, 33, 37, 38, 39, 40, 43, 44, 45, 46, 49, 50, 52, 53, 55, 56, 58, 59, 63, 64, 65, 66, 68, 69, 70, 71, 72, 73, 74, 75, 78], "summary": {"covered_lines": 31, "num_statements": 31, "percent_covered": 100.0, "percent_covered_display": "100", "missing_lines": 0, "excluded_lines": 0, "percent_statements_covered": 100.0, "percent_statements_covered_display": "100"}, "missing_lines": [], "excluded_lines": []}, "parse_duration": {"executed_lines": [109, 112, 113, 114, 119, 120, 123, 124, 125, 126, 127, 128, 129, 130, 132], "summary": {"covered_lines": 15, "num_statements": 15, "percent_covered": 100.0, "percent_covered_display": "100", "missing_lines": 0, "excluded_lines": 0, "percent_statements_covered": 100.0, "percent_statements_covered_display": "100"}, "missing_lines": [], "excluded_lines": []}, "": {"executed_lines": [1, 3, 4, 5, 8, 81], "summary": {"covered_lines": 5, "num_statements": 5, "percent_covered": 100.0, "percent_covered_display": "100", "missing_lines": 0, "excluded_lines": 0, "percent_statements_covered": 100.0, "percent_statements_covered_display": "100"}, "missing_lines": [], "excluded_lines": []}}, "classes": {"": {"executed_lines": [1, 3, 4, 5, 8, 32, 33, 37, 38, 39, 40, 43, 44, 45, 46, 49, 50, 52, 53, 55, 56, 58, 59, 63, 64, 65, 66, 68, 69, 70, 71, 72, 73, 74, 75, 78, 81, 109, 112, 113, 114, 119, 120, 123, 124, 125, 126, 127, 128, 129, 130, 132], "summary": {"covered_lines": 51, "num_statements": 51, "percent_covered": 100.0, "percent_covered_display": "100", "missing_lines": 0, "excluded_lines": 0, "percent_statements_covered": 100.0, "percent_statements_covered_display": "100"}, "missing_lines": [], "excluded_lines": []}}}, "devflow/utils/update_checker.py": {"executed_lines": [1, 7, 8, 9, 10, 11, 12, 14, 16, 19, 27, 28, 29, 32, 33, 49, 56, 57, 59, 60, 63, 69, 71, 72, 74, 75, 76, 77, 78, 81, 87, 89, 90, 91, 97, 107, 108, 110, 111, 112, 113, 118, 127, 128, 131, 133, 134, 135, 136, 139, 145, 146, 148, 149, 150, 156, 168, 169, 172, 174, 176, 178, 179, 181, 183, 184, 187, 190, 191, 193, 195, 197, 198, 201, 207, 222, 223, 226, 227, 228, 229, 231, 232, 234, 235, 239, 242, 245, 246, 249, 254, 257, 258, 259, 261, 262, 264, 267, 284], "summary": {"covered_lines": 98, "num_statements": 130, "percent_covered": 75.38461538461539, "percent_covered_display": "75", "missing_lines": 32, "excluded_lines": 0, "percent_statements_covered": 75.38461538461539, "percent_statements_covered_display": "75"}, "missing_lines": [36, 37, 38, 39, 40, 41, 43, 44, 46, 92, 94, 114, 115, 151, 153, 202, 204, 236, 273, 275, 276, 277, 278, 279, 280, 281, 286, 288, 289, 290, 291, 292], "excluded_lines": [], "functions": {"_is_development_install": {"executed_lines": [27, 28, 29, 32, 33], "summary": {"covered_lines": 5, "num_statements": 14, "percent_covered": 35.714285714285715, "percent_covered_display": "36", "missing_lines": 9, "excluded_lines": 0, "percent_statements_covered": 35.714285714285715, "percent_statements_covered_display": "36"}, "missing_lines": [36, 37, 38, 39, 40, 41, 43, 44, 46], "excluded_lines": []}, "_get_cache_file": {"executed_lines": [56, 57, 59, 60], "summary": {"covered_lines": 4, "num_statements": 4, "percent_covered": 100.0, "percent_covered_display": "100", "missing_lines": 0, "excluded_lines": 0, "percent_statements_covered": 100.0, "percent_statements_covered_display": "100"}, "missing_lines": [], "excluded_lines": []}, "_read_cache": {"executed_lines": [69, 71, 72, 74, 75, 76, 77, 78], "summary": {"covered_lines": 8, "num_statements": 8, "percent_covered": 100.0, "percent_covered_display": "100", "missing_lines": 0, "excluded_lines": 0, "percent_statements_covered": 100.0, "percent_statements_covered_display": "100"}, "missing_lines": [], "excluded_lines": []}, "_write_cache": {"executed_lines": [87, 89, 90, 91], "summary": {"covered_lines": 4, "num_statements": 6, "percent_covered": 66.66666666666667, "percent_covered_display": "67", "missing_lines": 2, "excluded_lines": 0, "percent_statements_covered": 66.66666666666667, "percent_statements_covered_display": "67"}, "missing_lines": [92, 94], "excluded_lines": []}, "_is_cache_valid": {"executed_lines": [107, 108, 110, 111, 112, 113], "summary": {"covered_lines": 6, "num_statements": 8, "percent_covered": 75.0, "percent_covered_display": "75", "missing_lines": 2, "excluded_lines": 0, "percent_statements_covered": 75.0, "percent_statements_covered_display": "75"}, "missing_lines": [114, 115], "excluded_lines": []}, "_parse_version": {"executed_lines": [127, 128, 131, 133, 134, 135, 136], "summary": {"covered_lines": 7, "num_statements": 7, "percent_covered": 100.0, "percent_covered_display": "100", "missing_lines": 0, "excluded_lines": 0, "percent_statements_covered": 100.0, "percent_statements_covered_display": "100"}, "missing_lines": [], "excluded_lines": []}, "_get_timeout_from_config": {"executed_lines": [145, 146, 148, 149, 150], "summary": {"covered_lines": 5, "num_statements": 7, "percent_covered": 71.42857142857143, "percent_covered_display": "71", "missing_lines": 2, "excluded_lines": 0, "percent_statements_covered": 71.42857142857143, "percent_statements_covered_display": "71"}, "missing_lines": [151, 153], "excluded_lines": []}, "_fetch_latest_version_from_github": {"executed_lines": [168, 169, 172, 174, 176, 178, 179, 181, 183, 184, 187, 190, 191, 193, 195, 197, 198, 201], "summary": {"covered_lines": 18, "num_statements": 20, "percent_covered": 90.0, "percent_covered_display": "90", "missing_lines": 2, "excluded_lines": 0, "percent_statements_covered": 90.0, "percent_statements_covered_display": "90"}, "missing_lines": [202, 204], "excluded_lines": []}, "check_for_updates": {"executed_lines": [222, 223, 226, 227, 228, 229, 231, 232, 234, 235, 239, 242, 245, 246, 249, 254, 257, 258, 259, 261, 262, 264], "summary": {"covered_lines": 22, "num_statements": 23, "percent_covered": 95.65217391304348, "percent_covered_display": "96", "missing_lines": 1, "excluded_lines": 0, "percent_statements_covered": 95.65217391304348, "percent_statements_covered_display": "96"}, "missing_lines": [236], "excluded_lines": []}, "show_update_notification": {"executed_lines": [], "summary": {"covered_lines": 0, "num_statements": 8, "percent_covered": 0.0, "percent_covered_display": "0", "missing_lines": 8, "excluded_lines": 0, "percent_statements_covered": 0.0, "percent_statements_covered_display": "0"}, "missing_lines": [273, 275, 276, 277, 278, 279, 280, 281], "excluded_lines": []}, "show_network_warning": {"executed_lines": [], "summary": {"covered_lines": 0, "num_statements": 6, "percent_covered": 0.0, "percent_covered_display": "0", "missing_lines": 6, "excluded_lines": 0, "percent_statements_covered": 0.0, "percent_statements_covered_display": "0"}, "missing_lines": [286, 288, 289, 290, 291, 292], "excluded_lines": []}, "": {"executed_lines": [1, 7, 8, 9, 10, 11, 12, 14, 16, 19, 49, 63, 81, 97, 118, 139, 156, 207, 267, 284], "summary": {"covered_lines": 19, "num_statements": 19, "percent_covered": 100.0, "percent_covered_display": "100", "missing_lines": 0, "excluded_lines": 0, "percent_statements_covered": 100.0, "percent_statements_covered_display": "100"}, "missing_lines": [], "excluded_lines": []}}, "classes": {"": {"executed_lines": [1, 7, 8, 9, 10, 11, 12, 14, 16, 19, 27, 28, 29, 32, 33, 49, 56, 57, 59, 60, 63, 69, 71, 72, 74, 75, 76, 77, 78, 81, 87, 89, 90, 91, 97, 107, 108, 110, 111, 112, 113, 118, 127, 128, 131, 133, 134, 135, 136, 139, 145, 146, 148, 149, 150, 156, 168, 169, 172, 174, 176, 178, 179, 181, 183, 184, 187, 190, 191, 193, 195, 197, 198, 201, 207, 222, 223, 226, 227, 228, 229, 231, 232, 234, 235, 239, 242, 245, 246, 249, 254, 257, 258, 259, 261, 262, 264, 267, 284], "summary": {"covered_lines": 98, "num_statements": 130, "percent_covered": 75.38461538461539, "percent_covered_display": "75", "missing_lines": 32, "excluded_lines": 0, "percent_statements_covered": 75.38461538461539, "percent_statements_covered_display": "75"}, "missing_lines": [36, 37, 38, 39, 40, 41, 43, 44, 46, 92, 94, 114, 115, 151, 153, 202, 204, 236, 273, 275, 276, 277, 278, 279, 280, 281, 286, 288, 289, 290, 291, 292], "excluded_lines": []}}}, "devflow/utils/user.py": {"executed_lines": [1, 3, 4, 7, 17, 18, 19, 22, 23, 24, 27, 28, 29, 30], "summary": {"covered_lines": 13, "num_statements": 13, "percent_covered": 100.0, "percent_covered_display": "100", "missing_lines": 0, "excluded_lines": 0, "percent_statements_covered": 100.0, "percent_statements_covered_display": "100"}, "missing_lines": [], "excluded_lines": [], "functions": {"get_current_user": {"executed_lines": [17, 18, 19, 22, 23, 24, 27, 28, 29, 30], "summary": {"covered_lines": 10, "num_statements": 10, "percent_covered": 100.0, "percent_covered_display": "100", "missing_lines": 0, "excluded_lines": 0, "percent_statements_covered": 100.0, "percent_statements_covered_display": "100"}, "missing_lines": [], "excluded_lines": []}, "": {"executed_lines": [1, 3, 4, 7], "summary": {"covered_lines": 3, "num_statements": 3, "percent_covered": 100.0, "percent_covered_display": "100", "missing_lines": 0, "excluded_lines": 0, "percent_statements_covered": 100.0, "percent_statements_covered_display": "100"}, "missing_lines": [], "excluded_lines": []}}, "classes": {"": {"executed_lines": [1, 3, 4, 7, 17, 18, 19, 22, 23, 24, 27, 28, 29, 30], "summary": {"covered_lines": 13, "num_statements": 13, "percent_covered": 100.0, "percent_covered_display": "100", "missing_lines": 0, "excluded_lines": 0, "percent_statements_covered": 100.0, "percent_statements_covered_display": "100"}, "missing_lines": [], "excluded_lines": []}}}, "devflow/utils/workspace_utils.py": {"executed_lines": [1, 3, 4, 5, 7, 10, 37, 42, 45, 48, 50, 56, 62, 63, 66, 70, 73], "summary": {"covered_lines": 16, "num_statements": 21, "percent_covered": 76.19047619047619, "percent_covered_display": "76", "missing_lines": 5, "excluded_lines": 0, "percent_statements_covered": 76.19047619047619, "percent_statements_covered_display": "76"}, "missing_lines": [46, 67, 71, 75, 76], "excluded_lines": [], "functions": {"ensure_workspace_skills_and_commands": {"executed_lines": [37, 42, 45, 48, 50, 56, 62, 63, 66, 70, 73], "summary": {"covered_lines": 11, "num_statements": 16, "percent_covered": 68.75, "percent_covered_display": "69", "missing_lines": 5, "excluded_lines": 0, "percent_statements_covered": 68.75, "percent_statements_covered_display": "69"}, "missing_lines": [46, 67, 71, 75, 76], "excluded_lines": []}, "": {"executed_lines": [1, 3, 4, 5, 7, 10], "summary": {"covered_lines": 5, "num_statements": 5, "percent_covered": 100.0, "percent_covered_display": "100", "missing_lines": 0, "excluded_lines": 0, "percent_statements_covered": 100.0, "percent_statements_covered_display": "100"}, "missing_lines": [], "excluded_lines": []}}, "classes": {"": {"executed_lines": [1, 3, 4, 5, 7, 10, 37, 42, 45, 48, 50, 56, 62, 63, 66, 70, 73], "summary": {"covered_lines": 16, "num_statements": 21, "percent_covered": 76.19047619047619, "percent_covered_display": "76", "missing_lines": 5, "excluded_lines": 0, "percent_statements_covered": 76.19047619047619, "percent_statements_covered_display": "76"}, "missing_lines": [46, 67, 71, 75, 76], "excluded_lines": []}}}}, "totals": {"covered_lines": 13103, "num_statements": 20028, "percent_covered": 65.42340722987817, "percent_covered_display": "65", "missing_lines": 6925, "excluded_lines": 13, "percent_statements_covered": 65.42340722987817, "percent_statements_covered_display": "65"}}